<testsuites id="" name="" tests="120" failures="45" skipped="10" errors="0" time="159.65039">
<testsuite name="e2e-security-performance.test.ts" timestamp="2025-12-18T18:13:38.962Z" hostname="chromium" tests="24" failures="9" skipped="2" time="125.185" errors="0">
<testcase name="Security &amp; Performance Improvements › 1.1 - Guest access sin JWT debe funcionar" classname="e2e-security-performance.test.ts" time="1.419">
<failure message="e2e-security-performance.test.ts:25:7 1.1 - Guest access sin JWT debe funcionar" type="FAILURE">
<![CDATA[  [chromium] › e2e-security-performance.test.ts:25:7 › Security & Performance Improvements › 1.1 - Guest access sin JWT debe funcionar 

    Error: expect(received).toHaveLength(expected)

    Expected length: 5
    Received length: 10
    Received array:  [{"bundle_id": "CO-MAT-11-derivadas-001", "context_tags": [], "context_type": null, "correct_answer": "A", "difficulty": "Medium", "explanation": "**Respuesta Correcta: B**···
    10 es una constante (no depende de x). Su derivada es cero.", "grade": 11, "id": "CO-MAT-11-derivadas-001-v1", "images": [], "modern_context": false, "number": 7, "options": [{"is_correct": false, "letter": "D", "text": "$x$"}], "source_url": "https://www.icfes.gov.co", "statement": "Calcula la derivada de $f(x) = 10$.", "tags": ["Derivadas", "Matemáticas"]}, {"bundle_id": "CO-MAT-11-ALG-001", "context_tags": [], "context_type": null, "correct_answer": "A", "difficulty": "Medium", "explanation": "**Respuesta Correcta: C**···
    Para dejar la $m$ sola, debemos \"cancelar\" el $-8$. La operación inversa a restar es sumar.·
    $$ m = 15 + 8 $$·
    $$ m = 23 $$···
    **Análisis de errores:**·
    - A) 7: Error común de restar en lugar de sumar ($15 - 8$).·
    - B) 15: Ignorar el término $-8$.", "grade": 11, "id": "CO-MAT-11-ALG-001-v1", "images": [], "modern_context": false, "number": 1, "options": [{"is_correct": false, "letter": "D", "text": "20"}], "source_url": "https://www.icfes.gov.co", "statement": "Resuelve la siguiente ecuación simple para hallar el valor de $m$:···
    $$ m - 8 = 15 $$", "tags": ["Álgebra", "Matemáticas"]}, {"bundle_id": "CO-MAT-11-ALG-003", "context_tags": [], "context_type": null, "correct_answer": "A", "difficulty": "Medium", "explanation": "**Respuesta Correcta: B**···
    Despejamos $x^2$:·
    $$ x^2 = 16 $$·
    Sacamos raíz cuadrada a ambos lados, recordando considerar tanto la solución positiva como la negativa:·
    $$ x = \\pm\\sqrt{16} $$·
    $$ x = \\pm 4 $$", "grade": 11, "id": "CO-MAT-11-ALG-003-v1", "images": [], "modern_context": false, "number": 2, "options": [{"is_correct": false, "letter": "D", "text": "$x = 16$ y $x = -16$"}], "source_url": "https://www.icfes.gov.co", "statement": "Resuelve la siguiente ecuación cuadrática pura (diferencia de cuadrados):···
    $$ x^2 - 16 = 0 $$", "tags": ["Álgebra", "Matemáticas"]}, {"bundle_id": "CO-MAT-11-EST-003", "context_tags": [], "context_type": null, "correct_answer": "A", "difficulty": "Medium", "explanation": "**Respuesta Correcta: A**···
    Solo hay 2 resultados posibles: cara o sello. 1 de 2 es favorable.", "grade": 11, "id": "CO-MAT-11-EST-003-v1", "images": [], "modern_context": false, "number": 15, "options": [{"is_correct": false, "letter": "D", "text": "1"}], "source_url": "https://www.icfes.gov.co", "statement": "Al lanzar una moneda justa, ¿cuál es la probabilidad de que caiga \"cara\"?", "tags": ["Estadística", "Matemáticas"]}, {"bundle_id": "CO-MAT-11-GEO-001", "context_tags": [], "context_type": null, "correct_answer": "A", "difficulty": "High", "explanation": "**Fórmula:** Volumen = Área de la base × Altura···
    **Cálculo:**·
    - Área base = $4 \\times 4 = 16$ cm²·
    - Volumen = $16 \\times 10 = 160$ cm³···
    **¿Por qué las otras son incorrectas?**·
    - **B) 40:** Solo multiplicó un lado por la altura (4×10)·
    - **C) 80:** Multiplicó base×2 por altura incorrectamente·
    - **D) 400:** Multiplicó todo sin calcular bien el área base···
    **Competencia evaluada:** Interpretación - cálculo básico de volumen", "grade": 11, "id": "CO-MAT-11-GEO-001-v1", "images": [], "modern_context": false, "number": 20, "options": [{"is_correct": false, "letter": "D", "text": "400 cm³"}], "source_url": "https://www.icfes.gov.co/documents/39286/21576717/Cuadernillo+de+preguntas+Saber+11-+Matem%C3%A1ticas.pdf", "statement": "Si una caja tiene una base cuadrada de 4 cm de lado y una altura de 10 cm, ¿cuál es su volumen?", "tags": ["Geometría - Volumen y Área", "Matemáticas"]}, {"bundle_id": "CO-MAT-11-funciones-001", "context_tags": [], "context_type": null, "correct_answer": "A", "difficulty": "High", "explanation": "Sustituimos $x = 5$ en la función:·
    $P(5) = 2(5) + 10 = 10 + 10 = 20$···
    **Competencia evaluada:** Ejecución - evaluación de funciones", "grade": 11, "id": "CO-MAT-11-funciones-001-v1", "images": [], "modern_context": false, "number": 19, "options": [{"is_correct": false, "letter": "D", "text": "$10"}], "source_url": "https://www.icfes.gov.co", "statement": "Si la función que describe el precio de un producto es $P(x) = 2x + 10$, ¿cuál es el precio cuando se compran 5 unidades?", "tags": ["Funciones - Análisis y Representación", "Matemáticas"]}, {"bundle_id": "CO-MAT-11-derivadas-004", "context_tags": [], "context_type": null, "correct_answer": "A", "difficulty": "Medium", "explanation": "**Respuesta Correcta: B**···
    - Derivada de $x^2$ es $2x$.·
    - Derivada de $x$ es 1.·
    Total: $2x + 1$.", "grade": 11, "id": "CO-MAT-11-derivadas-004-v1", "images": [], "modern_context": false, "number": 10, "options": [{"is_correct": false, "letter": "D", "text": "$2x^2 + 1$"}], "source_url": "https://www.icfes.gov.co", "statement": "Calcula la derivada del polinomio $y = x^2 + x$.", "tags": ["Derivadas", "Matemáticas"]}, {"bundle_id": "CO-MAT-11-ALG-002", "context_tags": [], "context_type": null, "correct_answer": "A", "difficulty": "Medium", "explanation": "**Respuesta Correcta: B**···
    Multiplicamos el 2 por cada término dentro del paréntesis:·
    $$ 2 \\cdot x + 2 \\cdot 3 = 2x + 6 $$···
    **Errores comunes:**·
    - A) Olvidar multiplicar el segundo término ($2x+3$).", "grade": 11, "id": "CO-MAT-11-ALG-002-v1", "images": [], "modern_context": false, "number": 3, "options": [{"is_correct": false, "letter": "D", "text": "$2x + 5$"}], "source_url": "https://www.icfes.gov.co", "statement": "Simplifica la siguiente expresión distribuyendo el número:···
    $$ 2(x + 3) $$", "tags": ["Álgebra", "Matemáticas"]}, {"bundle_id": "CO-MAT-11-derivadas-006", "context_tags": [], "context_type": null, "correct_answer": "A", "difficulty": "Medium", "explanation": "**Respuesta Correcta: B**···
    $$ v(t) = 2t $$·
    $$ v(3) = 2(3) = 6 $$", "grade": 11, "id": "CO-MAT-11-derivadas-006-v1", "images": [], "modern_context": false, "number": 12, "options": [{"is_correct": false, "letter": "D", "text": "2 m/s"}], "source_url": "https://www.icfes.gov.co", "statement": "Si la posición es $s(t) = t^2$, ¿cuál es la velocidad en $t = 3$?", "tags": ["Derivadas", "Matemáticas"]}, {"bundle_id": "CO-MAT-11-derivadas-002", "context_tags": [], "context_type": null, "correct_answer": "A", "difficulty": "Medium", "explanation": "**Respuesta Correcta: C**···
    La derivada de $cx$ es $c$. Aquí $c=5$.", "grade": 11, "id": "CO-MAT-11-derivadas-002-v1", "images": [], "modern_context": false, "number": 8, "options": [{"is_correct": false, "letter": "D", "text": "0"}], "source_url": "https://www.icfes.gov.co", "statement": "Deriva la función $y = 5x$.", "tags": ["Derivadas", "Matemáticas"]}]

      38 |     expect(data.is_guest).toBe(true);
      39 |     expect(data.total_questions).toBeLessThanOrEqual(10);
    > 40 |     expect(data.questions).toHaveLength(Math.min(5, data.total_questions));
         |                            ^
      41 |   });
      42 |
      43 |   test('1.2 - Guest debe recibir máximo 10 preguntas', async ({ request }) => {
        at E:\scripts-python\worldexams\tests\e2e-security-performance.test.ts:40:28
]]>
</failure>
</testcase>
<testcase name="Security &amp; Performance Improvements › 1.2 - Guest debe recibir máximo 10 preguntas" classname="e2e-security-performance.test.ts" time="1.357">
</testcase>
<testcase name="Security &amp; Performance Improvements › 1.3 - Respuesta debe incluir campo is_guest" classname="e2e-security-performance.test.ts" time="1.375">
</testcase>
<testcase name="Security &amp; Performance Improvements › 2.1 - Bulk endpoint debe retornar múltiples grados" classname="e2e-security-performance.test.ts" time="2.049">
</testcase>
<testcase name="Security &amp; Performance Improvements › 2.2 - Bulk endpoint debe respetar límite" classname="e2e-security-performance.test.ts" time="1.564">
</testcase>
<testcase name="Security &amp; Performance Improvements › 2.3 - Bulk endpoint debe incluir metadata correcta" classname="e2e-security-performance.test.ts" time="1.555">
<failure message="e2e-security-performance.test.ts:113:7 2.3 - Bulk endpoint debe incluir metadata correcta" type="FAILURE">
<![CDATA[  [chromium] › e2e-security-performance.test.ts:113:7 › Security & Performance Improvements › 2.3 - Bulk endpoint debe incluir metadata correcta 

    Error: expect(received).toHaveProperty(path)

    Expected path: "subjects"
    Received path: []

    Received value: {"country": "co", "exam_type": "icfes", "grades": ["11"], "is_guest": true, "limit": 50, "meta": {"cached_until": "2025-12-18T19:13:42.289Z"}, "mode": "sample", "questions": [[Object], [Object], [Object], [Object], [Object], [Object], [Object], [Object], [Object], [Object], …], "success": true, "total_questions": 30}

      124 |     expect(data).toHaveProperty('total_questions');
      125 |     expect(data).toHaveProperty('grades');
    > 126 |     expect(data).toHaveProperty('subjects');
          |                  ^
      127 |     expect(data).toHaveProperty('country');
      128 |     expect(data.country).toBe('CO');
      129 |   });
        at E:\scripts-python\worldexams\tests\e2e-security-performance.test.ts:126:18
]]>
</failure>
</testcase>
<testcase name="Security &amp; Performance Improvements › 3.1 - Múltiples requests dentro del límite deben funcionar" classname="e2e-security-performance.test.ts" time="0.772">
</testcase>
<testcase name="Security &amp; Performance Improvements › 3.2 - Request 101 debe retornar 429 (Too Many Requests)" classname="e2e-security-performance.test.ts" time="0">
<properties>
<property name="skip" value="">
</property>
</properties>
<skipped>
</skipped>
</testcase>
<testcase name="Security &amp; Performance Improvements › 4.1 - Guest requests deben tener cache público" classname="e2e-security-performance.test.ts" time="0.427">
</testcase>
<testcase name="Security &amp; Performance Improvements › 4.2 - Headers de seguridad CSP deben estar presentes" classname="e2e-security-performance.test.ts" time="2.66">
<failure message="e2e-security-performance.test.ts:189:7 4.2 - Headers de seguridad CSP deben estar presentes" type="FAILURE">
<![CDATA[  [chromium] › e2e-security-performance.test.ts:189:7 › Security & Performance Improvements › 4.2 - Headers de seguridad CSP deben estar presentes 

    Error: expect(received).toBe(expected) // Object.is equality

    Expected: "DENY"
    Received: undefined

      201 |     // Verificar otros headers de seguridad
      202 |     expect(headers['x-content-type-options']).toBe('nosniff');
    > 203 |     expect(headers['x-frame-options']).toBe('DENY');
          |                                        ^
      204 |   });
      205 |
      206 |   // ============================================
        at E:\scripts-python\worldexams\tests\e2e-security-performance.test.ts:203:40

    attachment #1: screenshot (image/png) ──────────────────────────────────────────────────────────
    test-results\e2e-security-performance-S-caf65-d-CSP-deben-estar-presentes-chromium\test-failed-1.png
    ────────────────────────────────────────────────────────────────────────────────────────────────

    attachment #2: video (video/webm) ──────────────────────────────────────────────────────────────
    test-results\e2e-security-performance-S-caf65-d-CSP-deben-estar-presentes-chromium\video.webm
    ────────────────────────────────────────────────────────────────────────────────────────────────

    Error Context: test-results\e2e-security-performance-S-caf65-d-CSP-deben-estar-presentes-chromium\error-context.md
]]>
</failure>
<system-out>
<![CDATA[
[[ATTACHMENT|e2e-security-performance-S-caf65-d-CSP-deben-estar-presentes-chromium\test-failed-1.png]]

[[ATTACHMENT|e2e-security-performance-S-caf65-d-CSP-deben-estar-presentes-chromium\video.webm]]

[[ATTACHMENT|e2e-security-performance-S-caf65-d-CSP-deben-estar-presentes-chromium\error-context.md]]
]]>
</system-out>
</testcase>
<testcase name="Security &amp; Performance Improvements › 5.1 - Parámetros inválidos deben retornar error 400" classname="e2e-security-performance.test.ts" time="0.218">
</testcase>
<testcase name="Security &amp; Performance Improvements › 5.2 - Country code inválido debe retornar error" classname="e2e-security-performance.test.ts" time="0.486">
</testcase>
<testcase name="Security &amp; Performance Improvements › 5.3 - Subject vacío debe retornar error" classname="e2e-security-performance.test.ts" time="0.346">
<failure message="e2e-security-performance.test.ts:234:7 5.3 - Subject vacío debe retornar error" type="FAILURE">
<![CDATA[  [chromium] › e2e-security-performance.test.ts:234:7 › Security & Performance Improvements › 5.3 - Subject vacío debe retornar error 

    Error: expect(received).toContain(expected) // indexOf

    Expected value: 200
    Received array: [400, 422]

      241 |     });
      242 |
    > 243 |     expect([400, 422]).toContain(response.status());
          |                        ^
      244 |   });
      245 |
      246 |   // ============================================
        at E:\scripts-python\worldexams\tests\e2e-security-performance.test.ts:243:24
]]>
</failure>
</testcase>
<testcase name="Security &amp; Performance Improvements › 6.1 - Blog View debe cargar en menos de 3 segundos" classname="e2e-security-performance.test.ts" time="31.993">
<failure message="e2e-security-performance.test.ts:250:7 6.1 - Blog View debe cargar en menos de 3 segundos" type="FAILURE">
<![CDATA[  [chromium] › e2e-security-performance.test.ts:250:7 › Security & Performance Improvements › 6.1 - Blog View debe cargar en menos de 3 segundos 

    Test timeout of 30000ms exceeded.

    Error: locator.click: Test timeout of 30000ms exceeded.
    Call log:
      - waiting for locator('button:has-text("Blog")').or(locator('a:has-text("Blog")'))


      255 |     // Click en botón Blog
      256 |     const blogButton = page.locator('button:has-text("Blog")').or(page.locator('a:has-text("Blog")'));
    > 257 |     await blogButton.click();
          |                      ^
      258 |
      259 |     // Esperar a que carguen las preguntas
      260 |     await page.waitForSelector('[data-testid="blog-questions"], .question-card', { timeout: 5000 });
        at E:\scripts-python\worldexams\tests\e2e-security-performance.test.ts:257:22

    attachment #1: screenshot (image/png) ──────────────────────────────────────────────────────────
    test-results\e2e-security-performance-S-30be0-rgar-en-menos-de-3-segundos-chromium\test-failed-1.png
    ────────────────────────────────────────────────────────────────────────────────────────────────

    attachment #2: video (video/webm) ──────────────────────────────────────────────────────────────
    test-results\e2e-security-performance-S-30be0-rgar-en-menos-de-3-segundos-chromium\video.webm
    ────────────────────────────────────────────────────────────────────────────────────────────────

    Error Context: test-results\e2e-security-performance-S-30be0-rgar-en-menos-de-3-segundos-chromium\error-context.md
]]>
</failure>
<system-out>
<![CDATA[
[[ATTACHMENT|e2e-security-performance-S-30be0-rgar-en-menos-de-3-segundos-chromium\test-failed-1.png]]

[[ATTACHMENT|e2e-security-performance-S-30be0-rgar-en-menos-de-3-segundos-chromium\video.webm]]

[[ATTACHMENT|e2e-security-performance-S-30be0-rgar-en-menos-de-3-segundos-chromium\error-context.md]]
]]>
</system-out>
</testcase>
<testcase name="Security &amp; Performance Improvements › 6.2 - Blog View debe hacer solo 1 request al backend" classname="e2e-security-performance.test.ts" time="32.008">
<failure message="e2e-security-performance.test.ts:268:7 6.2 - Blog View debe hacer solo 1 request al backend" type="FAILURE">
<![CDATA[  [chromium] › e2e-security-performance.test.ts:268:7 › Security & Performance Improvements › 6.2 - Blog View debe hacer solo 1 request al backend 

    Test timeout of 30000ms exceeded.

    Error: locator.click: Test timeout of 30000ms exceeded.
    Call log:
      - waiting for locator('button:has-text("Blog")').or(locator('a:has-text("Blog")'))


      280 |     // Click en Blog
      281 |     const blogButton = page.locator('button:has-text("Blog")').or(page.locator('a:has-text("Blog")'));
    > 282 |     await blogButton.click();
          |                      ^
      283 |
      284 |     await page.waitForTimeout(2000);
      285 |
        at E:\scripts-python\worldexams\tests\e2e-security-performance.test.ts:282:22

    attachment #1: screenshot (image/png) ──────────────────────────────────────────────────────────
    test-results\e2e-security-performance-S-7a462-r-solo-1-request-al-backend-chromium\test-failed-1.png
    ────────────────────────────────────────────────────────────────────────────────────────────────

    attachment #2: video (video/webm) ──────────────────────────────────────────────────────────────
    test-results\e2e-security-performance-S-7a462-r-solo-1-request-al-backend-chromium\video.webm
    ────────────────────────────────────────────────────────────────────────────────────────────────

    Error Context: test-results\e2e-security-performance-S-7a462-r-solo-1-request-al-backend-chromium\error-context.md
]]>
</failure>
<system-out>
<![CDATA[
[[ATTACHMENT|e2e-security-performance-S-7a462-r-solo-1-request-al-backend-chromium\test-failed-1.png]]

[[ATTACHMENT|e2e-security-performance-S-7a462-r-solo-1-request-al-backend-chromium\video.webm]]

[[ATTACHMENT|e2e-security-performance-S-7a462-r-solo-1-request-al-backend-chromium\error-context.md]]
]]>
</system-out>
</testcase>
<testcase name="Security &amp; Performance Improvements › 7.1 - Edge Function debe responder en menos de 500ms (p95)" classname="e2e-security-performance.test.ts" time="8.361">
<failure message="e2e-security-performance.test.ts:297:7 7.1 - Edge Function debe responder en menos de 500ms (p95)" type="FAILURE">
<![CDATA[  [chromium] › e2e-security-performance.test.ts:297:7 › Security & Performance Improvements › 7.1 - Edge Function debe responder en menos de 500ms (p95) 

    Error: expect(received).toBeLessThan(expected)

    Expected: < 500
    Received:   644

      309 |     const p95 = times[Math.floor(times.length * 0.95)];
      310 |
    > 311 |     expect(p95).toBeLessThan(500);
          |                 ^
      312 |   });
      313 |
      314 |   test('7.2 - Bulk endpoint debe responder en menos de 1 segundo', async ({ request }) => {
        at E:\scripts-python\worldexams\tests\e2e-security-performance.test.ts:311:17
]]>
</failure>
</testcase>
<testcase name="Security &amp; Performance Improvements › 7.2 - Bulk endpoint debe responder en menos de 1 segundo" classname="e2e-security-performance.test.ts" time="1.419">
<failure message="e2e-security-performance.test.ts:314:7 7.2 - Bulk endpoint debe responder en menos de 1 segundo" type="FAILURE">
<![CDATA[  [chromium] › e2e-security-performance.test.ts:314:7 › Security & Performance Improvements › 7.2 - Bulk endpoint debe responder en menos de 1 segundo 

    Error: expect(received).toBeLessThan(expected)

    Expected: < 1000
    Received:   1375

      326 |     const responseTime = Date.now() - start;
      327 |
    > 328 |     expect(responseTime).toBeLessThan(1000);
          |                          ^
      329 |   });
      330 |
      331 |   // ============================================
        at E:\scripts-python\worldexams\tests\e2e-security-performance.test.ts:328:26
]]>
</failure>
</testcase>
<testcase name="Security &amp; Performance Improvements › 8.1 - Edge Function debe manejar errores gracefully" classname="e2e-security-performance.test.ts" time="0.199">
</testcase>
<testcase name="Security &amp; Performance Improvements › 8.2 - Respuestas de error deben incluir mensaje descriptivo" classname="e2e-security-performance.test.ts" time="0.216">
</testcase>
<testcase name="Security &amp; Performance Improvements › 9.1 - Static API debe retornar 410 (Gone)" classname="e2e-security-performance.test.ts" time="0">
<properties>
<property name="skip" value="">
</property>
</properties>
<skipped>
</skipped>
</testcase>
<testcase name="Security &amp; Performance Improvements › 10.1 - Guest requests deben registrarse en rate_limits table" classname="e2e-security-performance.test.ts" time="0.514">
</testcase>
<testcase name="Regression Tests - No Breaking Changes › REG-1: Exam submission sigue funcionando" classname="e2e-security-performance.test.ts" time="30.709">
<failure message="e2e-security-performance.test.ts:404:7 REG-1: Exam submission sigue funcionando" type="FAILURE">
<![CDATA[  [chromium] › e2e-security-performance.test.ts:404:7 › Regression Tests - No Breaking Changes › REG-1: Exam submission sigue funcionando 

    Test timeout of 30000ms exceeded.

    Error: locator.click: Test timeout of 30000ms exceeded.
    Call log:
      - waiting for locator('button:has-text("Comenzar")').first()


      407 |     // Iniciar examen
      408 |     const startButton = page.locator('button:has-text("Comenzar")').first();
    > 409 |     await startButton.click();
          |                       ^
      410 |
      411 |     // Debe cargar preguntas
      412 |     await page.waitForSelector('[data-testid="question"], .question-container', { timeout: 5000 });
        at E:\scripts-python\worldexams\tests\e2e-security-performance.test.ts:409:23

    attachment #1: screenshot (image/png) ──────────────────────────────────────────────────────────
    test-results\e2e-security-performance-R-cd24b-ubmission-sigue-funcionando-chromium\test-failed-1.png
    ────────────────────────────────────────────────────────────────────────────────────────────────

    attachment #2: video (video/webm) ──────────────────────────────────────────────────────────────
    test-results\e2e-security-performance-R-cd24b-ubmission-sigue-funcionando-chromium\video.webm
    ────────────────────────────────────────────────────────────────────────────────────────────────

    Error Context: test-results\e2e-security-performance-R-cd24b-ubmission-sigue-funcionando-chromium\error-context.md
]]>
</failure>
<system-out>
<![CDATA[
[[ATTACHMENT|e2e-security-performance-R-cd24b-ubmission-sigue-funcionando-chromium\test-failed-1.png]]

[[ATTACHMENT|e2e-security-performance-R-cd24b-ubmission-sigue-funcionando-chromium\video.webm]]

[[ATTACHMENT|e2e-security-performance-R-cd24b-ubmission-sigue-funcionando-chromium\error-context.md]]
]]>
</system-out>
</testcase>
<testcase name="Regression Tests - No Breaking Changes › REG-2: Party Mode sigue funcionando" classname="e2e-security-performance.test.ts" time="2.675">
</testcase>
<testcase name="Regression Tests - No Breaking Changes › REG-3: Leaderboard sigue funcionando" classname="e2e-security-performance.test.ts" time="2.863">
</testcase>
</testsuite>
<testsuite name="e2e-security-performance.test.ts" timestamp="2025-12-18T18:13:38.962Z" hostname="firefox" tests="24" failures="9" skipped="2" time="146.59" errors="0">
<testcase name="Security &amp; Performance Improvements › 1.1 - Guest access sin JWT debe funcionar" classname="e2e-security-performance.test.ts" time="0.621">
<failure message="e2e-security-performance.test.ts:25:7 1.1 - Guest access sin JWT debe funcionar" type="FAILURE">
<![CDATA[  [firefox] › e2e-security-performance.test.ts:25:7 › Security & Performance Improvements › 1.1 - Guest access sin JWT debe funcionar 

    Error: expect(received).toHaveLength(expected)

    Expected length: 5
    Received length: 10
    Received array:  [{"bundle_id": "CO-MAT-11-EST-002", "context_tags": [], "context_type": null, "correct_answer": "A", "difficulty": "Medium", "explanation": "**Respuesta Correcta: C**···
    El dato del medio es 3.", "grade": 11, "id": "CO-MAT-11-EST-002-v1", "images": [], "modern_context": false, "number": 14, "options": [{"is_correct": false, "letter": "D", "text": "4"}], "source_url": "https://www.icfes.gov.co", "statement": "Encuentra la mediana de: {1, 3, 5}.", "tags": ["Estadística", "Matemáticas"]}, {"bundle_id": "CO-MAT-11-derivadas-006", "context_tags": [], "context_type": null, "correct_answer": "A", "difficulty": "Medium", "explanation": "**Respuesta Correcta: B**···
    $$ v(t) = 2t $$·
    $$ v(3) = 2(3) = 6 $$", "grade": 11, "id": "CO-MAT-11-derivadas-006-v1", "images": [], "modern_context": false, "number": 12, "options": [{"is_correct": false, "letter": "D", "text": "2 m/s"}], "source_url": "https://www.icfes.gov.co", "statement": "Si la posición es $s(t) = t^2$, ¿cuál es la velocidad en $t = 3$?", "tags": ["Derivadas", "Matemáticas"]}, {"bundle_id": "CO-MAT-11-derivadas-002", "context_tags": [], "context_type": null, "correct_answer": "A", "difficulty": "Medium", "explanation": "**Respuesta Correcta: C**···
    La derivada de $cx$ es $c$. Aquí $c=5$.", "grade": 11, "id": "CO-MAT-11-derivadas-002-v1", "images": [], "modern_context": false, "number": 8, "options": [{"is_correct": false, "letter": "D", "text": "0"}], "source_url": "https://www.icfes.gov.co", "statement": "Deriva la función $y = 5x$.", "tags": ["Derivadas", "Matemáticas"]}, {"bundle_id": "CO-MAT-11-ALG-004", "context_tags": [], "context_type": null, "correct_answer": "A", "difficulty": "Medium", "explanation": "**Respuesta Correcta: B**···
    Aplicamos la ley de exponentes para la división: $x^2 / x^1 = x^{2-1} = x$.·
    $$ \\frac{3 \\cdot x \\cdot x}{x} = 3x $$", "grade": 11, "id": "CO-MAT-11-ALG-004-v1", "images": [], "modern_context": false, "number": 4, "options": [{"is_correct": false, "letter": "D", "text": "$x$"}], "source_url": "https://www.icfes.gov.co", "statement": "Simplifica la siguiente expresión racional (asumiendo $x \\neq 0$):···
    $$ \\frac{3x^2}{x} $$", "tags": ["Álgebra", "Matemáticas"]}, {"bundle_id": "CO-MAT-11-GEO-001", "context_tags": [], "context_type": null, "correct_answer": "A", "difficulty": "High", "explanation": "**Fórmula:** Volumen = Área de la base × Altura···
    **Cálculo:**·
    - Área base = $4 \\times 4 = 16$ cm²·
    - Volumen = $16 \\times 10 = 160$ cm³···
    **¿Por qué las otras son incorrectas?**·
    - **B) 40:** Solo multiplicó un lado por la altura (4×10)·
    - **C) 80:** Multiplicó base×2 por altura incorrectamente·
    - **D) 400:** Multiplicó todo sin calcular bien el área base···
    **Competencia evaluada:** Interpretación - cálculo básico de volumen", "grade": 11, "id": "CO-MAT-11-GEO-001-v1", "images": [], "modern_context": false, "number": 20, "options": [{"is_correct": false, "letter": "D", "text": "400 cm³"}], "source_url": "https://www.icfes.gov.co/documents/39286/21576717/Cuadernillo+de+preguntas+Saber+11-+Matem%C3%A1ticas.pdf", "statement": "Si una caja tiene una base cuadrada de 4 cm de lado y una altura de 10 cm, ¿cuál es su volumen?", "tags": ["Geometría - Volumen y Área", "Matemáticas"]}, {"bundle_id": "CO-MAT-11-derivadas-003", "context_tags": [], "context_type": null, "correct_answer": "A", "difficulty": "Medium", "explanation": "**Respuesta Correcta: A**···
    Bajamos el exponente 2 y restamos 1:·
    $$ y' = 2x^{2-1} = 2x^1 = 2x $$", "grade": 11, "id": "CO-MAT-11-derivadas-003-v1", "images": [], "modern_context": false, "number": 9, "options": [{"is_correct": false, "letter": "D", "text": "$x^2$"}], "source_url": "https://www.icfes.gov.co", "statement": "Calcula la derivada de $y = x^2$.", "tags": ["Derivadas", "Matemáticas"]}, {"bundle_id": "CO-MAT-11-derivadas-001", "context_tags": [], "context_type": null, "correct_answer": "A", "difficulty": "Medium", "explanation": "**Respuesta Correcta: B**···
    10 es una constante (no depende de x). Su derivada es cero.", "grade": 11, "id": "CO-MAT-11-derivadas-001-v1", "images": [], "modern_context": false, "number": 7, "options": [{"is_correct": false, "letter": "D", "text": "$x$"}], "source_url": "https://www.icfes.gov.co", "statement": "Calcula la derivada de $f(x) = 10$.", "tags": ["Derivadas", "Matemáticas"]}, {"bundle_id": "CO-MAT-11-estadistica-001", "context_tags": [], "context_type": null, "correct_answer": "A", "difficulty": "High", "explanation": "1.  **Suma inicial:** Si promedio = 20 y n = 5, la suma total de edades es $20 \\times 5 = 100$.·
    2.  **Nueva suma:** Llega alguien de 26. Nueva suma = $100 + 26 = 126$.·
    3.  **Nuevo total:** Ahora son $5 + 1 = 6$ personas.·
    4.  **Nueva media:** $126 / 6 = 21$.···
    **Competencia evaluada:** Resolución - cálculo de promedios ponderados", "grade": 11, "id": "CO-MAT-11-estadistica-001-v1", "images": [], "modern_context": false, "number": 18, "options": [{"is_correct": false, "letter": "D", "text": "26 años"}], "source_url": "https://www.icfes.gov.co", "statement": "La media de las edades de un grupo de 5 personas es 20 años. Si se une una persona de 26 años al grupo, ¿cuál es la nueva media del grupo completo?", "tags": ["Estadística y Probabilidad", "Matemáticas"]}, {"bundle_id": "CO-MAT-11-ALG-002", "context_tags": [], "context_type": null, "correct_answer": "A", "difficulty": "Medium", "explanation": "**Respuesta Correcta: B**···
    Multiplicamos el 2 por cada término dentro del paréntesis:·
    $$ 2 \\cdot x + 2 \\cdot 3 = 2x + 6 $$···
    **Errores comunes:**·
    - A) Olvidar multiplicar el segundo término ($2x+3$).", "grade": 11, "id": "CO-MAT-11-ALG-002-v1", "images": [], "modern_context": false, "number": 3, "options": [{"is_correct": false, "letter": "D", "text": "$2x + 5$"}], "source_url": "https://www.icfes.gov.co", "statement": "Simplifica la siguiente expresión distribuyendo el número:···
    $$ 2(x + 3) $$", "tags": ["Álgebra", "Matemáticas"]}, {"bundle_id": "CO-MAT-11-ALG-005", "context_tags": [], "context_type": null, "correct_answer": "A", "difficulty": "Medium", "explanation": "**Respuesta Correcta: C**···
    Reemplazamos $x$ con 3:·
    $$ g(3) = 3 + 5 = 8 $$", "grade": 11, "id": "CO-MAT-11-ALG-005-v1", "images": [], "modern_context": false, "number": 5, "options": [{"is_correct": false, "letter": "D", "text": "15"}], "source_url": "https://www.icfes.gov.co", "statement": "Dada la función lineal $g(x) = x + 5$, ¿cuál es el valor de $g(3)$?", "tags": ["Álgebra", "Matemáticas"]}]

      38 |     expect(data.is_guest).toBe(true);
      39 |     expect(data.total_questions).toBeLessThanOrEqual(10);
    > 40 |     expect(data.questions).toHaveLength(Math.min(5, data.total_questions));
         |                            ^
      41 |   });
      42 |
      43 |   test('1.2 - Guest debe recibir máximo 10 preguntas', async ({ request }) => {
        at E:\scripts-python\worldexams\tests\e2e-security-performance.test.ts:40:28
]]>
</failure>
</testcase>
<testcase name="Security &amp; Performance Improvements › 1.2 - Guest debe recibir máximo 10 preguntas" classname="e2e-security-performance.test.ts" time="0.605">
</testcase>
<testcase name="Security &amp; Performance Improvements › 1.3 - Respuesta debe incluir campo is_guest" classname="e2e-security-performance.test.ts" time="0.952">
</testcase>
<testcase name="Security &amp; Performance Improvements › 2.1 - Bulk endpoint debe retornar múltiples grados" classname="e2e-security-performance.test.ts" time="1.172">
</testcase>
<testcase name="Security &amp; Performance Improvements › 2.2 - Bulk endpoint debe respetar límite" classname="e2e-security-performance.test.ts" time="0.63">
</testcase>
<testcase name="Security &amp; Performance Improvements › 2.3 - Bulk endpoint debe incluir metadata correcta" classname="e2e-security-performance.test.ts" time="0.542">
<failure message="e2e-security-performance.test.ts:113:7 2.3 - Bulk endpoint debe incluir metadata correcta" type="FAILURE">
<![CDATA[  [firefox] › e2e-security-performance.test.ts:113:7 › Security & Performance Improvements › 2.3 - Bulk endpoint debe incluir metadata correcta 

    Error: expect(received).toHaveProperty(path)

    Expected path: "subjects"
    Received path: []

    Received value: {"country": "co", "exam_type": "icfes", "grades": ["11"], "is_guest": true, "limit": 50, "meta": {"cached_until": "2025-12-18T19:13:54.592Z"}, "mode": "sample", "questions": [{"bundle_id": "CO-MAT-11-ALG-001", "context_tags": [], "context_type": null, "correct_answer": "A", "difficulty": "Medium", "explanation": "**Respuesta Correcta: C**···
    Para dejar la $m$ sola, debemos \"cancelar\" el $-8$. La operación inversa a restar es sumar.·
    $$ m = 15 + 8 $$·
    $$ m = 23 $$···
    **Análisis de errores:**·
    - A) 7: Error común de restar en lugar de sumar ($15 - 8$).·
    - B) 15: Ignorar el término $-8$.", "grade": 11, "id": "CO-MAT-11-ALG-001-v1", "images": [], "modern_context": false, "number": 1, "options": [{"is_correct": false, "letter": "D", "text": "20"}], "source_url": "https://www.icfes.gov.co", "statement": "Resuelve la siguiente ecuación simple para hallar el valor de $m$:···
    $$ m - 8 = 15 $$", "tags": ["Álgebra", "Matemáticas"]}, {"bundle_id": "CO-ING-11-part1-signs-001", "context_tags": [], "context_type": null, "correct_answer": "A", "difficulty": "Medium", "explanation": "**¿Por qué A es correcta?**·
    El aviso \"Por favor no alimente a los animales\" es característico de lugares donde hay animales en exhibición o cuidado, como un **zoológico** (zoo).·
    **Otras opciones:**·
    - Library (Biblioteca): No hay animales.·
    - Bank (Banco): No hay animales.·
    - Hospital: No hay animales (generalmente).···
    **Competencia evaluada:** Conocimiento léxico y pragmático.", "grade": 11, "id": "CO-ING-11-part1-signs-001-v1", "images": [], "modern_context": false, "number": 16, "options": [{"is_correct": false, "letter": "D", "text": "In a hospital"}], "source_url": "https://www.thatquiz.org", "statement": "**¿Dónde puede ver el siguiente aviso?**···
    > **PLEASE DO NOT FEED THE ANIMALS**", "tags": ["Part 1 - Signs Interpretation", "Inglés"]}, {"bundle_id": "CO-MAT-11-derivadas-005", "context_tags": [], "context_type": null, "correct_answer": "A", "difficulty": "Medium", "explanation": "**Respuesta Correcta: A**···
    Expandiendo: $x^2 + 2x + 1 \\rightarrow 2x + 2$.·
    Regla de cadena: $2(x+1)(1) = 2x+2$.", "grade": 11, "id": "CO-MAT-11-derivadas-005-v1", "images": [], "modern_context": false, "number": 11, "options": [{"is_correct": false, "letter": "D", "text": "$2$"}], "source_url": "https://www.icfes.gov.co", "statement": "Deriva la función $y = (x + 1)^2$.", "tags": ["Derivadas", "Matemáticas"]}, {"bundle_id": "CO-LEC-11-textos-filosoficos-001", "correct_answer": "A", "difficulty": "Medium", "explanation": "Protágoras es uno de los principales sofistas y su frase es la base del relativismo epistemológico, que niega verdades absolutas universales.
    ---", "grade": 11, "id": "CO-LEC-11-textos-filosoficos-001-v5", "images": [], "number": 5, "options": [{"is_correct": true, "letter": "A", "text": "Relativismo."}, {"is_correct": false, "letter": "B", "text": "Dogmatismo."}, {"is_correct": false, "letter": "C", "text": "Racionalismo."}, {"is_correct": false, "letter": "D", "text": "Empirismo."}], "source_url": null, "statement": "¿A qué corriente filosófica se asocia principalmente la afirmación de Protágoras?", "tags": []}, {"bundle_id": "CO-MAT-11-ALG-005", "context_tags": [], "context_type": null, "correct_answer": "A", "difficulty": "Medium", "explanation": "**Respuesta Correcta: C**···
    Reemplazamos $x$ con 3:·
    $$ g(3) = 3 + 5 = 8 $$", "grade": 11, "id": "CO-MAT-11-ALG-005-v1", "images": [], "modern_context": false, "number": 5, "options": [{"is_correct": false, "letter": "D", "text": "15"}], "source_url": "https://www.icfes.gov.co", "statement": "Dada la función lineal $g(x) = x + 5$, ¿cuál es el valor de $g(3)$?", "tags": ["Álgebra", "Matemáticas"]}, {"bundle_id": "CO-LEC-11-textos-filosoficos-001", "correct_answer": "A", "difficulty": "Medium", "explanation": "Los sofistas como Protágoras defendían el *nomos* (ley/convención) frente a la *physis* (naturaleza). Si no hay verdades absolutas, las leyes son convenciones humanas que pueden ser debatidas y cambiadas, lo cual es fundamental para la democracia y la retórica.
    |---|
    | Total Preguntas | 7 |
    | Original (Dificultad 3) | 1 |
    | Fácil (Dificultad 1-2) | 2 |
    | Media (Dificultad 3) | 2 |
    | Difícil (Dificultad 4-5) | 2 |
    # === METADATA GLOBAL ===
    # === Metadata de Validación ===
    | Campo | Valor |
    |---|---|
    | Total Preguntas | 7 |
    | Original (Dificultad 3) | 1 |
    | Fácil (Dificultad 1-2) | 2 |
    | Media (Dificultad 3) | 2 |
    | Difícil (Dificultad 4-5) | 2 |
    ## 📊 Metadata de Validación
    | Pregunta | ID | Dificultad | Validado |
    |---|---|---|---|
    | 1 | CO-LEC-11-textos-filosoficos-001-v1 | 3 | ⬜ |
    | 2 | CO-LEC-11-textos-filosoficos-001-v2 | 1 | ⬜ |
    | 3 | CO-LEC-11-textos-filosoficos-001-v3 | 1 | ⬜ |
    | 4 | CO-LEC-11-textos-filosoficos-001-v4 | 3 | ⬜ |
    | 5 | CO-LEC-11-textos-filosoficos-001-v5 | 3 | ⬜ |
    | 6 | CO-LEC-11-textos-filosoficos-001-v6 | 5 | ⬜ |
    | 7 | CO-LEC-11-textos-filosoficos-001-v7 | 5 | ⬜ |", "grade": 11, "id": "CO-LEC-11-textos-filosoficos-001-v7", "images": [], "number": 7, "options": [{"is_correct": true, "letter": "A", "text": "Legitima el debate y el consenso, ya que no hay una \"ley natural\" única, sino leyes acordadas por los hombres (nomos)."}, {"is_correct": false, "letter": "B", "text": "Justifica la tiranía, ya que el gobernante es el hombre más fuerte y su medida es la única que vale."}, {"is_correct": false, "letter": "C", "text": "Promueve la anarquía, pues cada ciudadano puede hacer lo que quiera sin consecuencias."}, {"is_correct": false, "letter": "D", "text": "Defiende la teocracia, al poner a los dioses como medida última a través de los oráculos."}], "source_url": null, "statement": "En el contexto de la democracia ateniense, ¿qué implicación política tiene la tesis de que \"el hombre es la medida de todas las cosas\"?", "tags": []}, {"bundle_id": "CO-ING-11-part1-007", "context_tags": [], "context_type": null, "correct_answer": "A", "difficulty": "Medium", "explanation": "The text explicitly mentions that \"excessive use of social media can lead to anxiety and depression in teenagers\" as a downside. Options B and C are positive effects mentioned in the text. Option D is not mentioned.", "grade": 11, "id": "CO-ING-11-part1-007-v1", "images": [], "modern_context": false, "number": 7, "options": [{"is_correct": false, "letter": "D", "text": "It helps students improve their grades."}], "source_url": "", "statement": "Read the text and answer the question.···
    **The Impact of Social Media**·
    Social media has revolutionized the way we communicate. It allows people to stay connected with friends and family across the globe. However, it also has downsides, such as the spread of misinformation and cyberbullying. Studies suggest that excessive use of social media can lead to anxiety and depression in teenagers.···
    According to the text, what is one negative effect of social media?", "tags": ["reading-comprehension-informational", "ingles"]}, {"bundle_id": "CO-MAT-11-derivadas-001", "context_tags": [], "context_type": null, "correct_answer": "A", "difficulty": "Medium", "explanation": "**Respuesta Correcta: B**···
    10 es una constante (no depende de x). Su derivada es cero.", "grade": 11, "id": "CO-MAT-11-derivadas-001-v1", "images": [], "modern_context": false, "number": 7, "options": [{"is_correct": false, "letter": "D", "text": "$x$"}], "source_url": "https://www.icfes.gov.co", "statement": "Calcula la derivada de $f(x) = 10$.", "tags": ["Derivadas", "Matemáticas"]}, {"bundle_id": "CO-ING-11-part1-006", "context_tags": [], "context_type": null, "correct_answer": "A", "difficulty": "Medium", "explanation": "- **A) Headache:** Correct. \"Head\" + \"ache\" (pain).·
    - **B) Stomachache:** Incorrect. Pain in the stomach.·
    - **C) Backache:** Incorrect. Pain in the back.·
    - **D) Toothache:** Incorrect. Pain in a tooth.", "grade": 11, "id": "CO-ING-11-part1-006-v1", "images": [], "modern_context": false, "number": 6, "options": [{"is_correct": false, "letter": "D", "text": "Toothache"}], "source_url": "", "statement": "Read the definition and choose the correct word.···
    \"A pain in your head.\"", "tags": ["vocabulary-health", "ingles"]}, {"bundle_id": "CO-MAT-11-ALG-003", "context_tags": [], "context_type": null, "correct_answer": "A", "difficulty": "Medium", "explanation": "**Respuesta Correcta: B**···
    Despejamos $x^2$:·
    $$ x^2 = 16 $$·
    Sacamos raíz cuadrada a ambos lados, recordando considerar tanto la solución positiva como la negativa:·
    $$ x = \\pm\\sqrt{16} $$·
    $$ x = \\pm 4 $$", "grade": 11, "id": "CO-MAT-11-ALG-003-v1", "images": [], "modern_context": false, "number": 2, "options": [{"is_correct": false, "letter": "D", "text": "$x = 16$ y $x = -16$"}], "source_url": "https://www.icfes.gov.co", "statement": "Resuelve la siguiente ecuación cuadrática pura (diferencia de cuadrados):···
    $$ x^2 - 16 = 0 $$", "tags": ["Álgebra", "Matemáticas"]}, …], "success": true, "total_questions": 30}

      124 |     expect(data).toHaveProperty('total_questions');
      125 |     expect(data).toHaveProperty('grades');
    > 126 |     expect(data).toHaveProperty('subjects');
          |                  ^
      127 |     expect(data).toHaveProperty('country');
      128 |     expect(data.country).toBe('CO');
      129 |   });
        at E:\scripts-python\worldexams\tests\e2e-security-performance.test.ts:126:18
]]>
</failure>
</testcase>
<testcase name="Security &amp; Performance Improvements › 3.1 - Múltiples requests dentro del límite deben funcionar" classname="e2e-security-performance.test.ts" time="0.765">
</testcase>
<testcase name="Security &amp; Performance Improvements › 3.2 - Request 101 debe retornar 429 (Too Many Requests)" classname="e2e-security-performance.test.ts" time="0">
<properties>
<property name="skip" value="">
</property>
</properties>
<skipped>
</skipped>
</testcase>
<testcase name="Security &amp; Performance Improvements › 4.1 - Guest requests deben tener cache público" classname="e2e-security-performance.test.ts" time="0.702">
</testcase>
<testcase name="Security &amp; Performance Improvements › 4.2 - Headers de seguridad CSP deben estar presentes" classname="e2e-security-performance.test.ts" time="6.84">
<failure message="e2e-security-performance.test.ts:189:7 4.2 - Headers de seguridad CSP deben estar presentes" type="FAILURE">
<![CDATA[  [firefox] › e2e-security-performance.test.ts:189:7 › Security & Performance Improvements › 4.2 - Headers de seguridad CSP deben estar presentes 

    Error: expect(received).toBe(expected) // Object.is equality

    Expected: "DENY"
    Received: undefined

      201 |     // Verificar otros headers de seguridad
      202 |     expect(headers['x-content-type-options']).toBe('nosniff');
    > 203 |     expect(headers['x-frame-options']).toBe('DENY');
          |                                        ^
      204 |   });
      205 |
      206 |   // ============================================
        at E:\scripts-python\worldexams\tests\e2e-security-performance.test.ts:203:40

    attachment #1: screenshot (image/png) ──────────────────────────────────────────────────────────
    test-results\e2e-security-performance-S-caf65-d-CSP-deben-estar-presentes-firefox\test-failed-1.png
    ────────────────────────────────────────────────────────────────────────────────────────────────

    attachment #2: video (video/webm) ──────────────────────────────────────────────────────────────
    test-results\e2e-security-performance-S-caf65-d-CSP-deben-estar-presentes-firefox\video.webm
    ────────────────────────────────────────────────────────────────────────────────────────────────

    Error Context: test-results\e2e-security-performance-S-caf65-d-CSP-deben-estar-presentes-firefox\error-context.md
]]>
</failure>
<system-out>
<![CDATA[
[[ATTACHMENT|e2e-security-performance-S-caf65-d-CSP-deben-estar-presentes-firefox\test-failed-1.png]]

[[ATTACHMENT|e2e-security-performance-S-caf65-d-CSP-deben-estar-presentes-firefox\video.webm]]

[[ATTACHMENT|e2e-security-performance-S-caf65-d-CSP-deben-estar-presentes-firefox\error-context.md]]
]]>
</system-out>
</testcase>
<testcase name="Security &amp; Performance Improvements › 5.1 - Parámetros inválidos deben retornar error 400" classname="e2e-security-performance.test.ts" time="0.178">
</testcase>
<testcase name="Security &amp; Performance Improvements › 5.2 - Country code inválido debe retornar error" classname="e2e-security-performance.test.ts" time="0.171">
</testcase>
<testcase name="Security &amp; Performance Improvements › 5.3 - Subject vacío debe retornar error" classname="e2e-security-performance.test.ts" time="0.432">
<failure message="e2e-security-performance.test.ts:234:7 5.3 - Subject vacío debe retornar error" type="FAILURE">
<![CDATA[  [firefox] › e2e-security-performance.test.ts:234:7 › Security & Performance Improvements › 5.3 - Subject vacío debe retornar error 

    Error: expect(received).toContain(expected) // indexOf

    Expected value: 200
    Received array: [400, 422]

      241 |     });
      242 |
    > 243 |     expect([400, 422]).toContain(response.status());
          |                        ^
      244 |   });
      245 |
      246 |   // ============================================
        at E:\scripts-python\worldexams\tests\e2e-security-performance.test.ts:243:24
]]>
</failure>
</testcase>
<testcase name="Security &amp; Performance Improvements › 6.1 - Blog View debe cargar en menos de 3 segundos" classname="e2e-security-performance.test.ts" time="31.658">
<failure message="e2e-security-performance.test.ts:250:7 6.1 - Blog View debe cargar en menos de 3 segundos" type="FAILURE">
<![CDATA[  [firefox] › e2e-security-performance.test.ts:250:7 › Security & Performance Improvements › 6.1 - Blog View debe cargar en menos de 3 segundos 

    Test timeout of 30000ms exceeded.

    Error: locator.click: Test timeout of 30000ms exceeded.
    Call log:
      - waiting for locator('button:has-text("Blog")').or(locator('a:has-text("Blog")'))


      255 |     // Click en botón Blog
      256 |     const blogButton = page.locator('button:has-text("Blog")').or(page.locator('a:has-text("Blog")'));
    > 257 |     await blogButton.click();
          |                      ^
      258 |
      259 |     // Esperar a que carguen las preguntas
      260 |     await page.waitForSelector('[data-testid="blog-questions"], .question-card', { timeout: 5000 });
        at E:\scripts-python\worldexams\tests\e2e-security-performance.test.ts:257:22

    attachment #1: screenshot (image/png) ──────────────────────────────────────────────────────────
    test-results\e2e-security-performance-S-30be0-rgar-en-menos-de-3-segundos-firefox\test-failed-1.png
    ────────────────────────────────────────────────────────────────────────────────────────────────

    attachment #2: video (video/webm) ──────────────────────────────────────────────────────────────
    test-results\e2e-security-performance-S-30be0-rgar-en-menos-de-3-segundos-firefox\video.webm
    ────────────────────────────────────────────────────────────────────────────────────────────────

    Error Context: test-results\e2e-security-performance-S-30be0-rgar-en-menos-de-3-segundos-firefox\error-context.md
]]>
</failure>
<system-out>
<![CDATA[
[[ATTACHMENT|e2e-security-performance-S-30be0-rgar-en-menos-de-3-segundos-firefox\test-failed-1.png]]

[[ATTACHMENT|e2e-security-performance-S-30be0-rgar-en-menos-de-3-segundos-firefox\video.webm]]

[[ATTACHMENT|e2e-security-performance-S-30be0-rgar-en-menos-de-3-segundos-firefox\error-context.md]]
]]>
</system-out>
</testcase>
<testcase name="Security &amp; Performance Improvements › 6.2 - Blog View debe hacer solo 1 request al backend" classname="e2e-security-performance.test.ts" time="31.909">
<failure message="e2e-security-performance.test.ts:268:7 6.2 - Blog View debe hacer solo 1 request al backend" type="FAILURE">
<![CDATA[  [firefox] › e2e-security-performance.test.ts:268:7 › Security & Performance Improvements › 6.2 - Blog View debe hacer solo 1 request al backend 

    Test timeout of 30000ms exceeded.

    Error: locator.click: Test timeout of 30000ms exceeded.
    Call log:
      - waiting for locator('button:has-text("Blog")').or(locator('a:has-text("Blog")'))


      280 |     // Click en Blog
      281 |     const blogButton = page.locator('button:has-text("Blog")').or(page.locator('a:has-text("Blog")'));
    > 282 |     await blogButton.click();
          |                      ^
      283 |
      284 |     await page.waitForTimeout(2000);
      285 |
        at E:\scripts-python\worldexams\tests\e2e-security-performance.test.ts:282:22

    attachment #1: screenshot (image/png) ──────────────────────────────────────────────────────────
    test-results\e2e-security-performance-S-7a462-r-solo-1-request-al-backend-firefox\test-failed-1.png
    ────────────────────────────────────────────────────────────────────────────────────────────────

    attachment #2: video (video/webm) ──────────────────────────────────────────────────────────────
    test-results\e2e-security-performance-S-7a462-r-solo-1-request-al-backend-firefox\video.webm
    ────────────────────────────────────────────────────────────────────────────────────────────────

    Error Context: test-results\e2e-security-performance-S-7a462-r-solo-1-request-al-backend-firefox\error-context.md
]]>
</failure>
<system-out>
<![CDATA[
[[ATTACHMENT|e2e-security-performance-S-7a462-r-solo-1-request-al-backend-firefox\test-failed-1.png]]

[[ATTACHMENT|e2e-security-performance-S-7a462-r-solo-1-request-al-backend-firefox\video.webm]]

[[ATTACHMENT|e2e-security-performance-S-7a462-r-solo-1-request-al-backend-firefox\error-context.md]]
]]>
</system-out>
</testcase>
<testcase name="Security &amp; Performance Improvements › 7.1 - Edge Function debe responder en menos de 500ms (p95)" classname="e2e-security-performance.test.ts" time="9.381">
<failure message="e2e-security-performance.test.ts:297:7 7.1 - Edge Function debe responder en menos de 500ms (p95)" type="FAILURE">
<![CDATA[  [firefox] › e2e-security-performance.test.ts:297:7 › Security & Performance Improvements › 7.1 - Edge Function debe responder en menos de 500ms (p95) 

    Error: expect(received).toBeLessThan(expected)

    Expected: < 500
    Received:   708

      309 |     const p95 = times[Math.floor(times.length * 0.95)];
      310 |
    > 311 |     expect(p95).toBeLessThan(500);
          |                 ^
      312 |   });
      313 |
      314 |   test('7.2 - Bulk endpoint debe responder en menos de 1 segundo', async ({ request }) => {
        at E:\scripts-python\worldexams\tests\e2e-security-performance.test.ts:311:17
]]>
</failure>
</testcase>
<testcase name="Security &amp; Performance Improvements › 7.2 - Bulk endpoint debe responder en menos de 1 segundo" classname="e2e-security-performance.test.ts" time="1.887">
<failure message="e2e-security-performance.test.ts:314:7 7.2 - Bulk endpoint debe responder en menos de 1 segundo" type="FAILURE">
<![CDATA[  [firefox] › e2e-security-performance.test.ts:314:7 › Security & Performance Improvements › 7.2 - Bulk endpoint debe responder en menos de 1 segundo 

    Error: expect(received).toBeLessThan(expected)

    Expected: < 1000
    Received:   1821

      326 |     const responseTime = Date.now() - start;
      327 |
    > 328 |     expect(responseTime).toBeLessThan(1000);
          |                          ^
      329 |   });
      330 |
      331 |   // ============================================
        at E:\scripts-python\worldexams\tests\e2e-security-performance.test.ts:328:26
]]>
</failure>
</testcase>
<testcase name="Security &amp; Performance Improvements › 8.1 - Edge Function debe manejar errores gracefully" classname="e2e-security-performance.test.ts" time="0.585">
</testcase>
<testcase name="Security &amp; Performance Improvements › 8.2 - Respuestas de error deben incluir mensaje descriptivo" classname="e2e-security-performance.test.ts" time="0.59">
</testcase>
<testcase name="Security &amp; Performance Improvements › 9.1 - Static API debe retornar 410 (Gone)" classname="e2e-security-performance.test.ts" time="0">
<properties>
<property name="skip" value="">
</property>
</properties>
<skipped>
</skipped>
</testcase>
<testcase name="Security &amp; Performance Improvements › 10.1 - Guest requests deben registrarse en rate_limits table" classname="e2e-security-performance.test.ts" time="0.729">
</testcase>
<testcase name="Regression Tests - No Breaking Changes › REG-1: Exam submission sigue funcionando" classname="e2e-security-performance.test.ts" time="31.976">
<failure message="e2e-security-performance.test.ts:404:7 REG-1: Exam submission sigue funcionando" type="FAILURE">
<![CDATA[  [firefox] › e2e-security-performance.test.ts:404:7 › Regression Tests - No Breaking Changes › REG-1: Exam submission sigue funcionando 

    Test timeout of 30000ms exceeded.

    Error: locator.click: Test timeout of 30000ms exceeded.
    Call log:
      - waiting for locator('button:has-text("Comenzar")').first()


      407 |     // Iniciar examen
      408 |     const startButton = page.locator('button:has-text("Comenzar")').first();
    > 409 |     await startButton.click();
          |                       ^
      410 |
      411 |     // Debe cargar preguntas
      412 |     await page.waitForSelector('[data-testid="question"], .question-container', { timeout: 5000 });
        at E:\scripts-python\worldexams\tests\e2e-security-performance.test.ts:409:23

    attachment #1: screenshot (image/png) ──────────────────────────────────────────────────────────
    test-results\e2e-security-performance-R-cd24b-ubmission-sigue-funcionando-firefox\test-failed-1.png
    ────────────────────────────────────────────────────────────────────────────────────────────────

    attachment #2: video (video/webm) ──────────────────────────────────────────────────────────────
    test-results\e2e-security-performance-R-cd24b-ubmission-sigue-funcionando-firefox\video.webm
    ────────────────────────────────────────────────────────────────────────────────────────────────

    Error Context: test-results\e2e-security-performance-R-cd24b-ubmission-sigue-funcionando-firefox\error-context.md
]]>
</failure>
<system-out>
<![CDATA[
[[ATTACHMENT|e2e-security-performance-R-cd24b-ubmission-sigue-funcionando-firefox\test-failed-1.png]]

[[ATTACHMENT|e2e-security-performance-R-cd24b-ubmission-sigue-funcionando-firefox\video.webm]]

[[ATTACHMENT|e2e-security-performance-R-cd24b-ubmission-sigue-funcionando-firefox\error-context.md]]
]]>
</system-out>
</testcase>
<testcase name="Regression Tests - No Breaking Changes › REG-2: Party Mode sigue funcionando" classname="e2e-security-performance.test.ts" time="12.199">
</testcase>
<testcase name="Regression Tests - No Breaking Changes › REG-3: Leaderboard sigue funcionando" classname="e2e-security-performance.test.ts" time="12.066">
</testcase>
</testsuite>
<testsuite name="e2e-security-performance.test.ts" timestamp="2025-12-18T18:13:38.962Z" hostname="webkit" tests="24" failures="9" skipped="2" time="135.441" errors="0">
<testcase name="Security &amp; Performance Improvements › 1.1 - Guest access sin JWT debe funcionar" classname="e2e-security-performance.test.ts" time="0.937">
<failure message="e2e-security-performance.test.ts:25:7 1.1 - Guest access sin JWT debe funcionar" type="FAILURE">
<![CDATA[  [webkit] › e2e-security-performance.test.ts:25:7 › Security & Performance Improvements › 1.1 - Guest access sin JWT debe funcionar 

    Error: expect(received).toHaveLength(expected)

    Expected length: 5
    Received length: 10
    Received array:  [{"bundle_id": "CO-MAT-11-ALG-002", "context_tags": [], "context_type": null, "correct_answer": "A", "difficulty": "Medium", "explanation": "**Respuesta Correcta: B**···
    Multiplicamos el 2 por cada término dentro del paréntesis:·
    $$ 2 \\cdot x + 2 \\cdot 3 = 2x + 6 $$···
    **Errores comunes:**·
    - A) Olvidar multiplicar el segundo término ($2x+3$).", "grade": 11, "id": "CO-MAT-11-ALG-002-v1", "images": [], "modern_context": false, "number": 3, "options": [{"is_correct": false, "letter": "D", "text": "$2x + 5$"}], "source_url": "https://www.icfes.gov.co", "statement": "Simplifica la siguiente expresión distribuyendo el número:···
    $$ 2(x + 3) $$", "tags": ["Álgebra", "Matemáticas"]}, {"bundle_id": "CO-MAT-11-ALG-005", "context_tags": [], "context_type": null, "correct_answer": "A", "difficulty": "Medium", "explanation": "**Respuesta Correcta: C**···
    Reemplazamos $x$ con 3:·
    $$ g(3) = 3 + 5 = 8 $$", "grade": 11, "id": "CO-MAT-11-ALG-005-v1", "images": [], "modern_context": false, "number": 5, "options": [{"is_correct": false, "letter": "D", "text": "15"}], "source_url": "https://www.icfes.gov.co", "statement": "Dada la función lineal $g(x) = x + 5$, ¿cuál es el valor de $g(3)$?", "tags": ["Álgebra", "Matemáticas"]}, {"bundle_id": "CO-MAT-11-GEO-001", "context_tags": [], "context_type": null, "correct_answer": "A", "difficulty": "High", "explanation": "**Fórmula:** Volumen = Área de la base × Altura···
    **Cálculo:**·
    - Área base = $4 \\times 4 = 16$ cm²·
    - Volumen = $16 \\times 10 = 160$ cm³···
    **¿Por qué las otras son incorrectas?**·
    - **B) 40:** Solo multiplicó un lado por la altura (4×10)·
    - **C) 80:** Multiplicó base×2 por altura incorrectamente·
    - **D) 400:** Multiplicó todo sin calcular bien el área base···
    **Competencia evaluada:** Interpretación - cálculo básico de volumen", "grade": 11, "id": "CO-MAT-11-GEO-001-v1", "images": [], "modern_context": false, "number": 20, "options": [{"is_correct": false, "letter": "D", "text": "400 cm³"}], "source_url": "https://www.icfes.gov.co/documents/39286/21576717/Cuadernillo+de+preguntas+Saber+11-+Matem%C3%A1ticas.pdf", "statement": "Si una caja tiene una base cuadrada de 4 cm de lado y una altura de 10 cm, ¿cuál es su volumen?", "tags": ["Geometría - Volumen y Área", "Matemáticas"]}, {"bundle_id": "CO-MAT-11-EST-005", "context_tags": [], "context_type": null, "correct_answer": "A", "difficulty": "Medium", "explanation": "**Respuesta Correcta: A**···
    Eventos independientes:·
    $P(C) \\times P(C) = 1/2 \\times 1/2 = 1/4$.", "grade": 11, "id": "CO-MAT-11-EST-005-v1", "images": [], "modern_context": false, "number": 17, "options": [{"is_correct": false, "letter": "D", "text": "1"}], "source_url": "https://www.icfes.gov.co", "statement": "Se lanzan dos monedas al aire. ¿Cuál es la probabilidad de que ambas caigan en \"cara\"?", "tags": ["Estadística", "Matemáticas"]}, {"bundle_id": "CO-MAT-11-derivadas-003", "context_tags": [], "context_type": null, "correct_answer": "A", "difficulty": "Medium", "explanation": "**Respuesta Correcta: A**···
    Bajamos el exponente 2 y restamos 1:·
    $$ y' = 2x^{2-1} = 2x^1 = 2x $$", "grade": 11, "id": "CO-MAT-11-derivadas-003-v1", "images": [], "modern_context": false, "number": 9, "options": [{"is_correct": false, "letter": "D", "text": "$x^2$"}], "source_url": "https://www.icfes.gov.co", "statement": "Calcula la derivada de $y = x^2$.", "tags": ["Derivadas", "Matemáticas"]}, {"bundle_id": "CO-MAT-11-derivadas-005", "context_tags": [], "context_type": null, "correct_answer": "A", "difficulty": "Medium", "explanation": "**Respuesta Correcta: A**···
    Expandiendo: $x^2 + 2x + 1 \\rightarrow 2x + 2$.·
    Regla de cadena: $2(x+1)(1) = 2x+2$.", "grade": 11, "id": "CO-MAT-11-derivadas-005-v1", "images": [], "modern_context": false, "number": 11, "options": [{"is_correct": false, "letter": "D", "text": "$2$"}], "source_url": "https://www.icfes.gov.co", "statement": "Deriva la función $y = (x + 1)^2$.", "tags": ["Derivadas", "Matemáticas"]}, {"bundle_id": "CO-MAT-11-funciones-001", "context_tags": [], "context_type": null, "correct_answer": "A", "difficulty": "High", "explanation": "Sustituimos $x = 5$ en la función:·
    $P(5) = 2(5) + 10 = 10 + 10 = 20$···
    **Competencia evaluada:** Ejecución - evaluación de funciones", "grade": 11, "id": "CO-MAT-11-funciones-001-v1", "images": [], "modern_context": false, "number": 19, "options": [{"is_correct": false, "letter": "D", "text": "$10"}], "source_url": "https://www.icfes.gov.co", "statement": "Si la función que describe el precio de un producto es $P(x) = 2x + 10$, ¿cuál es el precio cuando se compran 5 unidades?", "tags": ["Funciones - Análisis y Representación", "Matemáticas"]}, {"bundle_id": "CO-MAT-11-EST-004", "context_tags": [], "context_type": null, "correct_answer": "A", "difficulty": "Medium", "explanation": "**Respuesta Correcta: A**···
    $$ \\frac{2 + 4}{2} = \\frac{6}{2} = 3 $$", "grade": 11, "id": "CO-MAT-11-EST-004-v1", "images": [], "modern_context": false, "number": 16, "options": [{"is_correct": false, "letter": "D", "text": "6"}], "source_url": "https://www.icfes.gov.co", "statement": "Calcula la media (promedio) de los números 2 y 4.", "tags": ["Estadística", "Matemáticas"]}, {"bundle_id": "CO-MAT-11-derivadas-006", "context_tags": [], "context_type": null, "correct_answer": "A", "difficulty": "Medium", "explanation": "**Respuesta Correcta: B**···
    $$ v(t) = 2t $$·
    $$ v(3) = 2(3) = 6 $$", "grade": 11, "id": "CO-MAT-11-derivadas-006-v1", "images": [], "modern_context": false, "number": 12, "options": [{"is_correct": false, "letter": "D", "text": "2 m/s"}], "source_url": "https://www.icfes.gov.co", "statement": "Si la posición es $s(t) = t^2$, ¿cuál es la velocidad en $t = 3$?", "tags": ["Derivadas", "Matemáticas"]}, {"bundle_id": "CO-MAT-11-algebra-002", "context_tags": [], "context_type": null, "correct_answer": "A", "difficulty": "High", "explanation": "Para hallar el vértice $V(h, k)$ de una parábola dada por $f(x) = ax^2 + bx + c$:···
    1.  **Coordenada x (h):** Usamos la fórmula $h = \\frac{-b}{2a}$.·
        *   Aquí $a = 2, b = -4$.·
        *   $h = \\frac{-(-4)}{2(2)} = \\frac{4}{4} = 1$.···
    2.  **Coordenada y (k):** Evaluamos la función en $h = 1$.·
        *   $k = f(1) = 2(1)^2 - 4(1) + 1$·
        *   $k = 2 - 4 + 1 = -1$.···
    El vértice es **$(1, -1)$**.···
    **Competencia evaluada:** Ejecución - cálculo de elementos de la parábola", "grade": 11, "id": "CO-MAT-11-algebra-002-v1", "images": [], "modern_context": false, "number": 6, "options": [{"is_correct": false, "letter": "D", "text": "$(2, 1)$"}], "source_url": "https://www.icfes.gov.co", "statement": "Dada la función cuadrática $f(x) = 2x^2 - 4x + 1$, ¿cuáles son las coordenadas del vértice de la parábola que representa esta función?", "tags": ["Álgebra - Cuadráticas e Inecuaciones", "Matemáticas"]}]

      38 |     expect(data.is_guest).toBe(true);
      39 |     expect(data.total_questions).toBeLessThanOrEqual(10);
    > 40 |     expect(data.questions).toHaveLength(Math.min(5, data.total_questions));
         |                            ^
      41 |   });
      42 |
      43 |   test('1.2 - Guest debe recibir máximo 10 preguntas', async ({ request }) => {
        at E:\scripts-python\worldexams\tests\e2e-security-performance.test.ts:40:28
]]>
</failure>
</testcase>
<testcase name="Security &amp; Performance Improvements › 1.2 - Guest debe recibir máximo 10 preguntas" classname="e2e-security-performance.test.ts" time="0.916">
</testcase>
<testcase name="Security &amp; Performance Improvements › 1.3 - Respuesta debe incluir campo is_guest" classname="e2e-security-performance.test.ts" time="0.701">
</testcase>
<testcase name="Security &amp; Performance Improvements › 2.1 - Bulk endpoint debe retornar múltiples grados" classname="e2e-security-performance.test.ts" time="1.033">
</testcase>
<testcase name="Security &amp; Performance Improvements › 2.2 - Bulk endpoint debe respetar límite" classname="e2e-security-performance.test.ts" time="0.882">
</testcase>
<testcase name="Security &amp; Performance Improvements › 2.3 - Bulk endpoint debe incluir metadata correcta" classname="e2e-security-performance.test.ts" time="0.607">
<failure message="e2e-security-performance.test.ts:113:7 2.3 - Bulk endpoint debe incluir metadata correcta" type="FAILURE">
<![CDATA[  [webkit] › e2e-security-performance.test.ts:113:7 › Security & Performance Improvements › 2.3 - Bulk endpoint debe incluir metadata correcta 

    Error: expect(received).toHaveProperty(path)

    Expected path: "subjects"
    Received path: []

    Received value: {"country": "co", "exam_type": "icfes", "grades": ["11"], "is_guest": true, "limit": 50, "meta": {"cached_until": "2025-12-18T19:14:40.016Z"}, "mode": "sample", "questions": [{"bundle_id": "CO-ING-11-part1-signs-001", "context_tags": [], "context_type": null, "correct_answer": "A", "difficulty": "Medium", "explanation": "**¿Por qué A es correcta?**·
    El aviso \"Por favor no alimente a los animales\" es característico de lugares donde hay animales en exhibición o cuidado, como un **zoológico** (zoo).·
    **Otras opciones:**·
    - Library (Biblioteca): No hay animales.·
    - Bank (Banco): No hay animales.·
    - Hospital: No hay animales (generalmente).···
    **Competencia evaluada:** Conocimiento léxico y pragmático.", "grade": 11, "id": "CO-ING-11-part1-signs-001-v1", "images": [], "modern_context": false, "number": 16, "options": [{"is_correct": false, "letter": "D", "text": "In a hospital"}], "source_url": "https://www.thatquiz.org", "statement": "**¿Dónde puede ver el siguiente aviso?**···
    > **PLEASE DO NOT FEED THE ANIMALS**", "tags": ["Part 1 - Signs Interpretation", "Inglés"]}, {"bundle_id": "CO-LEC-11-textos-argumentativos-001", "correct_answer": "A", "difficulty": "Medium", "explanation": "La implementación de la tesis (uso obligatorio) tiene como consecuencia (efecto) la reducción de la presión social. Es un argumento causal.
    ---", "grade": 11, "id": "CO-LEC-11-textos-argumentativos-001-v6", "images": [], "number": 6, "options": [{"is_correct": true, "letter": "A", "text": "Causa-Efecto: La tesis es la causa y la reducción de presión es el efecto esperado."}, {"is_correct": false, "letter": "B", "text": "Oposición: La frase contradice la tesis."}, {"is_correct": false, "letter": "C", "text": "Condición: La tesis solo es válida si se reduce la presión."}, {"is_correct": false, "letter": "D", "text": "Analogía: Compara la presión social con los uniformes."}], "source_url": null, "statement": "¿Cuál es la relación lógica entre la frase \"reduciendo la presión social por la ropa de marca\" y la tesis?", "tags": []}, {"bundle_id": "CO-MAT-11-ALG-003", "context_tags": [], "context_type": null, "correct_answer": "A", "difficulty": "Medium", "explanation": "**Respuesta Correcta: B**···
    Despejamos $x^2$:·
    $$ x^2 = 16 $$·
    Sacamos raíz cuadrada a ambos lados, recordando considerar tanto la solución positiva como la negativa:·
    $$ x = \\pm\\sqrt{16} $$·
    $$ x = \\pm 4 $$", "grade": 11, "id": "CO-MAT-11-ALG-003-v1", "images": [], "modern_context": false, "number": 2, "options": [{"is_correct": false, "letter": "D", "text": "$x = 16$ y $x = -16$"}], "source_url": "https://www.icfes.gov.co", "statement": "Resuelve la siguiente ecuación cuadrática pura (diferencia de cuadrados):···
    $$ x^2 - 16 = 0 $$", "tags": ["Álgebra", "Matemáticas"]}, {"bundle_id": "CO-MAT-11-EST-004", "context_tags": [], "context_type": null, "correct_answer": "A", "difficulty": "Medium", "explanation": "**Respuesta Correcta: A**···
    $$ \\frac{2 + 4}{2} = \\frac{6}{2} = 3 $$", "grade": 11, "id": "CO-MAT-11-EST-004-v1", "images": [], "modern_context": false, "number": 16, "options": [{"is_correct": false, "letter": "D", "text": "6"}], "source_url": "https://www.icfes.gov.co", "statement": "Calcula la media (promedio) de los números 2 y 4.", "tags": ["Estadística", "Matemáticas"]}, {"bundle_id": "CO-MAT-11-derivadas-002", "context_tags": [], "context_type": null, "correct_answer": "A", "difficulty": "Medium", "explanation": "**Respuesta Correcta: C**···
    La derivada de $cx$ es $c$. Aquí $c=5$.", "grade": 11, "id": "CO-MAT-11-derivadas-002-v1", "images": [], "modern_context": false, "number": 8, "options": [{"is_correct": false, "letter": "D", "text": "0"}], "source_url": "https://www.icfes.gov.co", "statement": "Deriva la función $y = 5x$.", "tags": ["Derivadas", "Matemáticas"]}, {"bundle_id": "CO-MAT-11-ALG-001", "context_tags": [], "context_type": null, "correct_answer": "A", "difficulty": "Medium", "explanation": "**Respuesta Correcta: C**···
    Para dejar la $m$ sola, debemos \"cancelar\" el $-8$. La operación inversa a restar es sumar.·
    $$ m = 15 + 8 $$·
    $$ m = 23 $$···
    **Análisis de errores:**·
    - A) 7: Error común de restar en lugar de sumar ($15 - 8$).·
    - B) 15: Ignorar el término $-8$.", "grade": 11, "id": "CO-MAT-11-ALG-001-v1", "images": [], "modern_context": false, "number": 1, "options": [{"is_correct": false, "letter": "D", "text": "20"}], "source_url": "https://www.icfes.gov.co", "statement": "Resuelve la siguiente ecuación simple para hallar el valor de $m$:···
    $$ m - 8 = 15 $$", "tags": ["Álgebra", "Matemáticas"]}, {"bundle_id": "CO-ING-11-part2-003", "context_tags": [], "context_type": null, "correct_answer": "A", "difficulty": "Medium", "explanation": "**Correcta:** A. Definition of Environment.·
    **Distractores:**·
    - B, C) Man-made structures.·
    - D) Pollution/Waste.", "grade": 11, "id": "CO-ING-11-part2-003-v1", "images": [], "modern_context": false, "number": 18, "options": [{"is_correct": false, "letter": "D", "text": "Garbage"}], "source_url": "https://www.macmillandictionary.com/", "statement": "Read the description and choose the correct word:·
    \"The natural world, including the land, water, air, plants, and animals.\"", "tags": ["vocabulary-matching", "ingles"]}, {"bundle_id": "CO-MAT-11-algebra-002", "context_tags": [], "context_type": null, "correct_answer": "A", "difficulty": "High", "explanation": "Para hallar el vértice $V(h, k)$ de una parábola dada por $f(x) = ax^2 + bx + c$:···
    1.  **Coordenada x (h):** Usamos la fórmula $h = \\frac{-b}{2a}$.·
        *   Aquí $a = 2, b = -4$.·
        *   $h = \\frac{-(-4)}{2(2)} = \\frac{4}{4} = 1$.···
    2.  **Coordenada y (k):** Evaluamos la función en $h = 1$.·
        *   $k = f(1) = 2(1)^2 - 4(1) + 1$·
        *   $k = 2 - 4 + 1 = -1$.···
    El vértice es **$(1, -1)$**.···
    **Competencia evaluada:** Ejecución - cálculo de elementos de la parábola", "grade": 11, "id": "CO-MAT-11-algebra-002-v1", "images": [], "modern_context": false, "number": 6, "options": [{"is_correct": false, "letter": "D", "text": "$(2, 1)$"}], "source_url": "https://www.icfes.gov.co", "statement": "Dada la función cuadrática $f(x) = 2x^2 - 4x + 1$, ¿cuáles son las coordenadas del vértice de la parábola que representa esta función?", "tags": ["Álgebra - Cuadráticas e Inecuaciones", "Matemáticas"]}, {"bundle_id": "CO-MAT-11-EST-005", "context_tags": [], "context_type": null, "correct_answer": "A", "difficulty": "Medium", "explanation": "**Respuesta Correcta: A**···
    Eventos independientes:·
    $P(C) \\times P(C) = 1/2 \\times 1/2 = 1/4$.", "grade": 11, "id": "CO-MAT-11-EST-005-v1", "images": [], "modern_context": false, "number": 17, "options": [{"is_correct": false, "letter": "D", "text": "1"}], "source_url": "https://www.icfes.gov.co", "statement": "Se lanzan dos monedas al aire. ¿Cuál es la probabilidad de que ambas caigan en \"cara\"?", "tags": ["Estadística", "Matemáticas"]}, {"bundle_id": "CO-LEC-11-ensayo-filosofico-002", "correct_answer": "A", "difficulty": "Medium", "explanation": "**Correcta:** A. El hedonismo prioriza el placer/ausencia de dolor. Zuleta critica esa priorización. Un hedonista defendería que desear el \"idilio sin sombras\" (placer) es lo correcto, contrariando a Zuleta.
    **Distractores:**
    - B) Apoya a Zuleta (ética del trabajo/esfuerzo).
    - C) Podría ser un argumento psicológico, pero A es el filosófico directo (hedonismo).
    - D) Irrelevante para el debate dificultad/facilidad.
    ---
    ## 📊 Metadata de Validación
    | Campo | Valor |
    |-------|-------|
    | Total Preguntas | 7 |
    | Original (Dificultad 3) | 1 |
    | Fácil (Dificultad 1-2) | 2 |
    | Media (Dificultad 3) | 2 |
    | Difícil (Dificultad 4-5) | 2 |", "grade": 11, "id": "CO-LEC-11-ensayo-filosofico-002-v7", "images": [], "number": 7, "options": [{"is_correct": true, "letter": "A", "text": "El fin último de la vida es maximizar el placer y minimizar el dolor, por lo que desear seguridad es racional."}, {"is_correct": false, "letter": "B", "text": "El trabajo duro es la única fuente de dignidad humana."}, {"is_correct": false, "letter": "C", "text": "Las relaciones conflictivas son patológicas y deben evitarse."}, {"is_correct": false, "letter": "D", "text": "El ser humano es un animal político que debe vivir en sociedad."}], "source_url": "https://www.utadeo.edu.co/files/collections/documents/field_attached_file/elogio_a_la_dificultad_-_estanislao_zuleta.pdf", "statement": "¿Cuál de las siguientes afirmaciones sería un contraargumento válido a la postura del autor desde una perspectiva hedonista?", "tags": []}, …], "success": true, "total_questions": 30}

      124 |     expect(data).toHaveProperty('total_questions');
      125 |     expect(data).toHaveProperty('grades');
    > 126 |     expect(data).toHaveProperty('subjects');
          |                  ^
      127 |     expect(data).toHaveProperty('country');
      128 |     expect(data.country).toBe('CO');
      129 |   });
        at E:\scripts-python\worldexams\tests\e2e-security-performance.test.ts:126:18
]]>
</failure>
</testcase>
<testcase name="Security &amp; Performance Improvements › 3.1 - Múltiples requests dentro del límite deben funcionar" classname="e2e-security-performance.test.ts" time="1.743">
</testcase>
<testcase name="Security &amp; Performance Improvements › 3.2 - Request 101 debe retornar 429 (Too Many Requests)" classname="e2e-security-performance.test.ts" time="0">
<properties>
<property name="skip" value="">
</property>
</properties>
<skipped>
</skipped>
</testcase>
<testcase name="Security &amp; Performance Improvements › 4.1 - Guest requests deben tener cache público" classname="e2e-security-performance.test.ts" time="0.738">
</testcase>
<testcase name="Security &amp; Performance Improvements › 4.2 - Headers de seguridad CSP deben estar presentes" classname="e2e-security-performance.test.ts" time="6.222">
<failure message="e2e-security-performance.test.ts:189:7 4.2 - Headers de seguridad CSP deben estar presentes" type="FAILURE">
<![CDATA[  [webkit] › e2e-security-performance.test.ts:189:7 › Security & Performance Improvements › 4.2 - Headers de seguridad CSP deben estar presentes 

    Error: expect(received).toBe(expected) // Object.is equality

    Expected: "DENY"
    Received: undefined

      201 |     // Verificar otros headers de seguridad
      202 |     expect(headers['x-content-type-options']).toBe('nosniff');
    > 203 |     expect(headers['x-frame-options']).toBe('DENY');
          |                                        ^
      204 |   });
      205 |
      206 |   // ============================================
        at E:\scripts-python\worldexams\tests\e2e-security-performance.test.ts:203:40

    attachment #1: screenshot (image/png) ──────────────────────────────────────────────────────────
    test-results\e2e-security-performance-S-caf65-d-CSP-deben-estar-presentes-webkit\test-failed-1.png
    ────────────────────────────────────────────────────────────────────────────────────────────────

    attachment #2: video (video/webm) ──────────────────────────────────────────────────────────────
    test-results\e2e-security-performance-S-caf65-d-CSP-deben-estar-presentes-webkit\video.webm
    ────────────────────────────────────────────────────────────────────────────────────────────────

    Error Context: test-results\e2e-security-performance-S-caf65-d-CSP-deben-estar-presentes-webkit\error-context.md
]]>
</failure>
<system-out>
<![CDATA[
[[ATTACHMENT|e2e-security-performance-S-caf65-d-CSP-deben-estar-presentes-webkit\test-failed-1.png]]

[[ATTACHMENT|e2e-security-performance-S-caf65-d-CSP-deben-estar-presentes-webkit\video.webm]]

[[ATTACHMENT|e2e-security-performance-S-caf65-d-CSP-deben-estar-presentes-webkit\error-context.md]]
]]>
</system-out>
</testcase>
<testcase name="Security &amp; Performance Improvements › 5.1 - Parámetros inválidos deben retornar error 400" classname="e2e-security-performance.test.ts" time="0.187">
</testcase>
<testcase name="Security &amp; Performance Improvements › 5.2 - Country code inválido debe retornar error" classname="e2e-security-performance.test.ts" time="0.205">
</testcase>
<testcase name="Security &amp; Performance Improvements › 5.3 - Subject vacío debe retornar error" classname="e2e-security-performance.test.ts" time="0.473">
<failure message="e2e-security-performance.test.ts:234:7 5.3 - Subject vacío debe retornar error" type="FAILURE">
<![CDATA[  [webkit] › e2e-security-performance.test.ts:234:7 › Security & Performance Improvements › 5.3 - Subject vacío debe retornar error 

    Error: expect(received).toContain(expected) // indexOf

    Expected value: 200
    Received array: [400, 422]

      241 |     });
      242 |
    > 243 |     expect([400, 422]).toContain(response.status());
          |                        ^
      244 |   });
      245 |
      246 |   // ============================================
        at E:\scripts-python\worldexams\tests\e2e-security-performance.test.ts:243:24
]]>
</failure>
</testcase>
<testcase name="Security &amp; Performance Improvements › 6.1 - Blog View debe cargar en menos de 3 segundos" classname="e2e-security-performance.test.ts" time="32.282">
<failure message="e2e-security-performance.test.ts:250:7 6.1 - Blog View debe cargar en menos de 3 segundos" type="FAILURE">
<![CDATA[  [webkit] › e2e-security-performance.test.ts:250:7 › Security & Performance Improvements › 6.1 - Blog View debe cargar en menos de 3 segundos 

    Test timeout of 30000ms exceeded.

    Error: locator.click: Test timeout of 30000ms exceeded.
    Call log:
      - waiting for locator('button:has-text("Blog")').or(locator('a:has-text("Blog")'))


      255 |     // Click en botón Blog
      256 |     const blogButton = page.locator('button:has-text("Blog")').or(page.locator('a:has-text("Blog")'));
    > 257 |     await blogButton.click();
          |                      ^
      258 |
      259 |     // Esperar a que carguen las preguntas
      260 |     await page.waitForSelector('[data-testid="blog-questions"], .question-card', { timeout: 5000 });
        at E:\scripts-python\worldexams\tests\e2e-security-performance.test.ts:257:22

    attachment #1: screenshot (image/png) ──────────────────────────────────────────────────────────
    test-results\e2e-security-performance-S-30be0-rgar-en-menos-de-3-segundos-webkit\test-failed-1.png
    ────────────────────────────────────────────────────────────────────────────────────────────────

    attachment #2: video (video/webm) ──────────────────────────────────────────────────────────────
[...]
    \"The chef prepares the meal.\"", "tags": ["grammar-passive-voice", "ingles"]}, {"bundle_id": "CO-LEC-11-textos-informativos-001", "correct_answer": "A", "difficulty": "Medium", "explanation": "Aunque el texto no menciona explícitamente \"Revolución Industrial\", menciona el \"siglo XIX\" y la \"quema de combustibles fósiles\" como punto de inflexión. El lector debe conectar estos datos con su conocimiento previo o inferir que ese siglo corresponde a la industrialización basada en carbón.
    ---", "grade": 11, "id": "CO-LEC-11-textos-informativos-001-v6", "images": [], "number": 6, "options": [{"is_correct": true, "letter": "A", "text": "Coinciden temporalmente, ya que el siglo XIX marca el auge industrial y el inicio del impacto humano masivo."}, {"is_correct": false, "letter": "B", "text": "No tienen relación, porque el texto habla de combustibles, no de industrias."}, {"is_correct": false, "letter": "C", "text": "La Revolución Industrial ayudó a frenar el cambio climático."}, {"is_correct": false, "letter": "D", "text": "El cambio climático empezó mucho antes de la Revolución Industrial."}], "source_url": null, "statement": "A partir del texto, ¿qué se puede inferir sobre la relación entre la Revolución Industrial y el cambio climático?", "tags": []}, {"bundle_id": "CO-LEC-11-columna-opinion-001", "correct_answer": "A", "difficulty": "Medium", "explanation": "**Correcta:** A. El autor contrasta el \"rojo y el azul\" (partidos tradicionales Liberal y Conservador) que \"han dejado de ser un camino\", preguntando por la \"franja amarilla\" (el color central de la bandera) como símbolo de una nueva unidad o proyecto de nación.
    **Distractores:**
    - B, D) Son interpretaciones literales del color o geografía, pero no encajan con el contexto político (\"rojo y azul han dejado de ser un camino\").
    - C) Reducir la \"franja amarilla\" a un \"partido de centro\" simplifica demasiado la visión poética de Ospina sobre la identidad nacional y cultural.
    ---", "grade": 11, "id": "CO-LEC-11-columna-opinion-001-v1", "images": [], "number": 1, "options": [{"is_correct": true, "letter": "A", "text": "Una identidad nacional nueva e integradora, más allá de la polarización política tradicional."}, {"is_correct": false, "letter": "B", "text": "La riqueza del oro que fue saqueado durante la conquista española."}, {"is_correct": false, "letter": "C", "text": "El partido político de centro que debe gobernar el país."}, {"is_correct": false, "letter": "D", "text": "La zona tropical donde se encuentra ubicada Colombia geográficamente."}], "source_url": "https://www.goodreads.com/work/quotes/1269894-la-franja-amarilla", "statement": "En el texto, la metáfora de la \"franja amarilla\" hace referencia a:", "tags": []}, {"bundle_id": "CO-ING-11-part1-010", "context_tags": [], "context_type": null, "correct_answer": "A", "difficulty": "Medium", "explanation": "The text says: \"People in the village said it was haunted, but Tom didn't believe them. One day, he decided to explore it.\" His disbelief motivated his action.", "grade": 11, "id": "CO-ING-11-part1-010-v1", "images": [], "modern_context": false, "number": 10, "options": [{"is_correct": false, "letter": "D", "text": "He wanted to plant flowers in the garden."}], "source_url": "", "statement": "Read the text and answer the question.···
    **The Old House**·
    The old house stood on the hill, abandoned for years. Its windows were broken, and the garden was overgrown with weeds. People in the village said it was haunted, but Tom didn't believe them. One day, he decided to explore it. As he opened the creaky door, a cold wind rushed past him.···
    Why did Tom decide to explore the house?", "tags": ["reading-comprehension-literary", "ingles"]}, {"bundle_id": "CO-LEC-11-textos-literarios-001", "correct_answer": "A", "difficulty": "Medium", "explanation": "La interpretación literaria clásica es la irrupción de lo fantástico en lo cotidiano. Al despertar (salir del sueño), lo imposible (el dinosaurio) sigue ahí, rompiendo la lógica realista.
    ---", "grade": 11, "id": "CO-LEC-11-textos-literarios-001-v6", "images": [], "number": 6, "options": [{"is_correct": true, "letter": "A", "text": "La frontera entre el sueño y la vigilia se borra, ya que el elemento fantástico (dinosaurio) persiste en la realidad."}, {"is_correct": false, "letter": "B", "text": "Es una pesadilla de la que el personaje no puede despertar."}, {"is_correct": false, "letter": "C", "text": "El dinosaurio representa los problemas que no desaparecen al ignorarlos."}, {"is_correct": false, "letter": "D", "text": "El personaje sigue dormido y todo es parte del mismo sueño."}], "source_url": null, "statement": "¿Cuál es la interpretación más común sobre la relación entre el sueño y la realidad en este cuento?", "tags": []}, …], "success": true, "total_questions": 30}

      124 |     expect(data).toHaveProperty('total_questions');
      125 |     expect(data).toHaveProperty('grades');
    > 126 |     expect(data).toHaveProperty('subjects');
          |                  ^
      127 |     expect(data).toHaveProperty('country');
      128 |     expect(data.country).toBe('CO');
      129 |   });
        at E:\scripts-python\worldexams\tests\e2e-security-performance.test.ts:126:18
]]>
</failure>
</testcase>
<testcase name="Security &amp; Performance Improvements › 3.1 - Múltiples requests dentro del límite deben funcionar" classname="e2e-security-performance.test.ts" time="1.01">
</testcase>
<testcase name="Security &amp; Performance Improvements › 3.2 - Request 101 debe retornar 429 (Too Many Requests)" classname="e2e-security-performance.test.ts" time="0">
<properties>
<property name="skip" value="">
</property>
</properties>
<skipped>
</skipped>
</testcase>
<testcase name="Security &amp; Performance Improvements › 4.1 - Guest requests deben tener cache público" classname="e2e-security-performance.test.ts" time="0.753">
</testcase>
<testcase name="Security &amp; Performance Improvements › 4.2 - Headers de seguridad CSP deben estar presentes" classname="e2e-security-performance.test.ts" time="3.73">
<failure message="e2e-security-performance.test.ts:189:7 4.2 - Headers de seguridad CSP deben estar presentes" type="FAILURE">
<![CDATA[  [Mobile Safari] › e2e-security-performance.test.ts:189:7 › Security & Performance Improvements › 4.2 - Headers de seguridad CSP deben estar presentes 

    Error: expect(received).toBe(expected) // Object.is equality

    Expected: "DENY"
    Received: undefined

      201 |     // Verificar otros headers de seguridad
      202 |     expect(headers['x-content-type-options']).toBe('nosniff');
    > 203 |     expect(headers['x-frame-options']).toBe('DENY');
          |                                        ^
      204 |   });
      205 |
      206 |   // ============================================
        at E:\scripts-python\worldexams\tests\e2e-security-performance.test.ts:203:40

    attachment #1: screenshot (image/png) ──────────────────────────────────────────────────────────
    test-results\e2e-security-performance-S-caf65-d-CSP-deben-estar-presentes-Mobile-Safari\test-failed-1.png
    ────────────────────────────────────────────────────────────────────────────────────────────────

    attachment #2: video (video/webm) ──────────────────────────────────────────────────────────────
    test-results\e2e-security-performance-S-caf65-d-CSP-deben-estar-presentes-Mobile-Safari\video.webm
    ────────────────────────────────────────────────────────────────────────────────────────────────

    Error Context: test-results\e2e-security-performance-S-caf65-d-CSP-deben-estar-presentes-Mobile-Safari\error-context.md
]]>
</failure>
<system-out>
<![CDATA[
[[ATTACHMENT|e2e-security-performance-S-caf65-d-CSP-deben-estar-presentes-Mobile-Safari\test-failed-1.png]]

[[ATTACHMENT|e2e-security-performance-S-caf65-d-CSP-deben-estar-presentes-Mobile-Safari\video.webm]]

[[ATTACHMENT|e2e-security-performance-S-caf65-d-CSP-deben-estar-presentes-Mobile-Safari\error-context.md]]
]]>
</system-out>
</testcase>
<testcase name="Security &amp; Performance Improvements › 5.1 - Parámetros inválidos deben retornar error 400" classname="e2e-security-performance.test.ts" time="0.245">
</testcase>
<testcase name="Security &amp; Performance Improvements › 5.2 - Country code inválido debe retornar error" classname="e2e-security-performance.test.ts" time="0.2">
</testcase>
<testcase name="Security &amp; Performance Improvements › 5.3 - Subject vacío debe retornar error" classname="e2e-security-performance.test.ts" time="0.329">
<failure message="e2e-security-performance.test.ts:234:7 5.3 - Subject vacío debe retornar error" type="FAILURE">
<![CDATA[  [Mobile Safari] › e2e-security-performance.test.ts:234:7 › Security & Performance Improvements › 5.3 - Subject vacío debe retornar error 

    Error: expect(received).toContain(expected) // indexOf

    Expected value: 200
    Received array: [400, 422]

      241 |     });
      242 |
    > 243 |     expect([400, 422]).toContain(response.status());
          |                        ^
      244 |   });
      245 |
      246 |   // ============================================
        at E:\scripts-python\worldexams\tests\e2e-security-performance.test.ts:243:24
]]>
</failure>
</testcase>
<testcase name="Security &amp; Performance Improvements › 6.1 - Blog View debe cargar en menos de 3 segundos" classname="e2e-security-performance.test.ts" time="31.12">
<failure message="e2e-security-performance.test.ts:250:7 6.1 - Blog View debe cargar en menos de 3 segundos" type="FAILURE">
<![CDATA[  [Mobile Safari] › e2e-security-performance.test.ts:250:7 › Security & Performance Improvements › 6.1 - Blog View debe cargar en menos de 3 segundos 

    Test timeout of 30000ms exceeded.

    Error: locator.click: Test timeout of 30000ms exceeded.
    Call log:
      - waiting for locator('button:has-text("Blog")').or(locator('a:has-text("Blog")'))


      255 |     // Click en botón Blog
      256 |     const blogButton = page.locator('button:has-text("Blog")').or(page.locator('a:has-text("Blog")'));
    > 257 |     await blogButton.click();
          |                      ^
      258 |
      259 |     // Esperar a que carguen las preguntas
      260 |     await page.waitForSelector('[data-testid="blog-questions"], .question-card', { timeout: 5000 });
        at E:\scripts-python\worldexams\tests\e2e-security-performance.test.ts:257:22

    attachment #1: screenshot (image/png) ──────────────────────────────────────────────────────────
    test-results\e2e-security-performance-S-30be0-rgar-en-menos-de-3-segundos-Mobile-Safari\test-failed-1.png
    ────────────────────────────────────────────────────────────────────────────────────────────────

    attachment #2: video (video/webm) ──────────────────────────────────────────────────────────────
    test-results\e2e-security-performance-S-30be0-rgar-en-menos-de-3-segundos-Mobile-Safari\video.webm
    ────────────────────────────────────────────────────────────────────────────────────────────────

    Error Context: test-results\e2e-security-performance-S-30be0-rgar-en-menos-de-3-segundos-Mobile-Safari\error-context.md
]]>
</failure>
<system-out>
<![CDATA[
[[ATTACHMENT|e2e-security-performance-S-30be0-rgar-en-menos-de-3-segundos-Mobile-Safari\test-failed-1.png]]

[[ATTACHMENT|e2e-security-performance-S-30be0-rgar-en-menos-de-3-segundos-Mobile-Safari\video.webm]]

[[ATTACHMENT|e2e-security-performance-S-30be0-rgar-en-menos-de-3-segundos-Mobile-Safari\error-context.md]]
]]>
</system-out>
</testcase>
<testcase name="Security &amp; Performance Improvements › 6.2 - Blog View debe hacer solo 1 request al backend" classname="e2e-security-performance.test.ts" time="31.091">
<failure message="e2e-security-performance.test.ts:268:7 6.2 - Blog View debe hacer solo 1 request al backend" type="FAILURE">
<![CDATA[  [Mobile Safari] › e2e-security-performance.test.ts:268:7 › Security & Performance Improvements › 6.2 - Blog View debe hacer solo 1 request al backend 

    Test timeout of 30000ms exceeded.

    Error: locator.click: Test timeout of 30000ms exceeded.
    Call log:
      - waiting for locator('button:has-text("Blog")').or(locator('a:has-text("Blog")'))


      280 |     // Click en Blog
      281 |     const blogButton = page.locator('button:has-text("Blog")').or(page.locator('a:has-text("Blog")'));
    > 282 |     await blogButton.click();
          |                      ^
      283 |
      284 |     await page.waitForTimeout(2000);
      285 |
        at E:\scripts-python\worldexams\tests\e2e-security-performance.test.ts:282:22

    attachment #1: screenshot (image/png) ──────────────────────────────────────────────────────────
    test-results\e2e-security-performance-S-7a462-r-solo-1-request-al-backend-Mobile-Safari\test-failed-1.png
    ────────────────────────────────────────────────────────────────────────────────────────────────

    attachment #2: video (video/webm) ──────────────────────────────────────────────────────────────
    test-results\e2e-security-performance-S-7a462-r-solo-1-request-al-backend-Mobile-Safari\video.webm
    ────────────────────────────────────────────────────────────────────────────────────────────────

    Error Context: test-results\e2e-security-performance-S-7a462-r-solo-1-request-al-backend-Mobile-Safari\error-context.md
]]>
</failure>
<system-out>
<![CDATA[
[[ATTACHMENT|e2e-security-performance-S-7a462-r-solo-1-request-al-backend-Mobile-Safari\test-failed-1.png]]

[[ATTACHMENT|e2e-security-performance-S-7a462-r-solo-1-request-al-backend-Mobile-Safari\video.webm]]

[[ATTACHMENT|e2e-security-performance-S-7a462-r-solo-1-request-al-backend-Mobile-Safari\error-context.md]]
]]>
</system-out>
</testcase>
<testcase name="Security &amp; Performance Improvements › 7.1 - Edge Function debe responder en menos de 500ms (p95)" classname="e2e-security-performance.test.ts" time="8.357">
<failure message="e2e-security-performance.test.ts:297:7 7.1 - Edge Function debe responder en menos de 500ms (p95)" type="FAILURE">
<![CDATA[  [Mobile Safari] › e2e-security-performance.test.ts:297:7 › Security & Performance Improvements › 7.1 - Edge Function debe responder en menos de 500ms (p95) 

    Error: expect(received).toBeLessThan(expected)

    Expected: < 500
    Received:   755

      309 |     const p95 = times[Math.floor(times.length * 0.95)];
      310 |
    > 311 |     expect(p95).toBeLessThan(500);
          |                 ^
      312 |   });
      313 |
      314 |   test('7.2 - Bulk endpoint debe responder en menos de 1 segundo', async ({ request }) => {
        at E:\scripts-python\worldexams\tests\e2e-security-performance.test.ts:311:17
]]>
</failure>
</testcase>
<testcase name="Security &amp; Performance Improvements › 7.2 - Bulk endpoint debe responder en menos de 1 segundo" classname="e2e-security-performance.test.ts" time="1.375">
<failure message="e2e-security-performance.test.ts:314:7 7.2 - Bulk endpoint debe responder en menos de 1 segundo" type="FAILURE">
<![CDATA[  [Mobile Safari] › e2e-security-performance.test.ts:314:7 › Security & Performance Improvements › 7.2 - Bulk endpoint debe responder en menos de 1 segundo 

    Error: expect(received).toBeLessThan(expected)

    Expected: < 1000
    Received:   1334

      326 |     const responseTime = Date.now() - start;
      327 |
    > 328 |     expect(responseTime).toBeLessThan(1000);
          |                          ^
      329 |   });
      330 |
      331 |   // ============================================
        at E:\scripts-python\worldexams\tests\e2e-security-performance.test.ts:328:26
]]>
</failure>
</testcase>
<testcase name="Security &amp; Performance Improvements › 8.1 - Edge Function debe manejar errores gracefully" classname="e2e-security-performance.test.ts" time="0.52">
</testcase>
<testcase name="Security &amp; Performance Improvements › 8.2 - Respuestas de error deben incluir mensaje descriptivo" classname="e2e-security-performance.test.ts" time="0.455">
</testcase>
<testcase name="Security &amp; Performance Improvements › 9.1 - Static API debe retornar 410 (Gone)" classname="e2e-security-performance.test.ts" time="0">
<properties>
<property name="skip" value="">
</property>
</properties>
<skipped>
</skipped>
</testcase>
<testcase name="Security &amp; Performance Improvements › 10.1 - Guest requests deben registrarse en rate_limits table" classname="e2e-security-performance.test.ts" time="0.396">
</testcase>
<testcase name="Regression Tests - No Breaking Changes › REG-1: Exam submission sigue funcionando" classname="e2e-security-performance.test.ts" time="30.926">
<failure message="e2e-security-performance.test.ts:404:7 REG-1: Exam submission sigue funcionando" type="FAILURE">
<![CDATA[  [Mobile Safari] › e2e-security-performance.test.ts:404:7 › Regression Tests - No Breaking Changes › REG-1: Exam submission sigue funcionando 

    Test timeout of 30000ms exceeded.

    Error: locator.click: Test timeout of 30000ms exceeded.
    Call log:
      - waiting for locator('button:has-text("Comenzar")').first()


      407 |     // Iniciar examen
      408 |     const startButton = page.locator('button:has-text("Comenzar")').first();
    > 409 |     await startButton.click();
          |                       ^
      410 |
      411 |     // Debe cargar preguntas
      412 |     await page.waitForSelector('[data-testid="question"], .question-container', { timeout: 5000 });
        at E:\scripts-python\worldexams\tests\e2e-security-performance.test.ts:409:23

    attachment #1: screenshot (image/png) ──────────────────────────────────────────────────────────
    test-results\e2e-security-performance-R-cd24b-ubmission-sigue-funcionando-Mobile-Safari\test-failed-1.png
    ────────────────────────────────────────────────────────────────────────────────────────────────

    attachment #2: video (video/webm) ──────────────────────────────────────────────────────────────
    test-results\e2e-security-performance-R-cd24b-ubmission-sigue-funcionando-Mobile-Safari\video.webm
    ────────────────────────────────────────────────────────────────────────────────────────────────

    Error Context: test-results\e2e-security-performance-R-cd24b-ubmission-sigue-funcionando-Mobile-Safari\error-context.md
]]>
</failure>
<system-out>
<![CDATA[
[[ATTACHMENT|e2e-security-performance-R-cd24b-ubmission-sigue-funcionando-Mobile-Safari\test-failed-1.png]]

[[ATTACHMENT|e2e-security-performance-R-cd24b-ubmission-sigue-funcionando-Mobile-Safari\video.webm]]

[[ATTACHMENT|e2e-security-performance-R-cd24b-ubmission-sigue-funcionando-Mobile-Safari\error-context.md]]
]]>
</system-out>
</testcase>
<testcase name="Regression Tests - No Breaking Changes › REG-2: Party Mode sigue funcionando" classname="e2e-security-performance.test.ts" time="3.853">
</testcase>
<testcase name="Regression Tests - No Breaking Changes › REG-3: Leaderboard sigue funcionando" classname="e2e-security-performance.test.ts" time="3.443">
</testcase>
</testsuite>
</testsuites>